{"/home/travis/build/npmtest/node-npmtest-autobahn/test.js":{"path":"/home/travis/build/npmtest/node-npmtest-autobahn/test.js","s":{"1":2,"2":2,"3":2,"4":2,"5":2,"6":2,"7":2,"8":1,"9":2,"10":2,"11":1,"12":1,"13":1,"14":1,"15":2,"16":2,"17":2,"18":2,"19":1,"20":1,"21":2,"22":2,"23":2,"24":1,"25":1,"26":1,"27":1,"28":1,"29":1,"30":1,"31":1,"32":1,"33":1,"34":1,"35":1,"36":1,"37":1,"38":1,"39":2,"40":2,"41":1,"42":2,"43":2,"44":1,"45":2,"46":2,"47":1,"48":2,"49":2,"50":1,"51":1,"52":1,"53":1,"54":1},"b":{"1":[2,1,1,1],"2":[1,1,1,1],"3":[1,1],"4":[1,1],"5":[1,1],"6":[1,1],"7":[1,1],"8":[1,1],"9":[1,1],"10":[1,1,1],"11":[1,1],"12":[1,1],"13":[1,1],"14":[1,1],"15":[1,1],"16":[1,1],"17":[1,1]},"f":{"1":2,"2":2,"3":2,"4":2,"5":2,"6":1,"7":1,"8":1,"9":2,"10":2,"11":2,"12":2,"13":1},"fnMap":{"1":{"name":"(anonymous_1)","line":12,"loc":{"start":{"line":12,"column":1},"end":{"line":12,"column":13}}},"2":{"name":"(anonymous_2)","line":19,"loc":{"start":{"line":19,"column":5},"end":{"line":19,"column":17}}},"3":{"name":"(anonymous_3)","line":23,"loc":{"start":{"line":23,"column":24},"end":{"line":23,"column":36}}},"4":{"name":"(anonymous_4)","line":61,"loc":{"start":{"line":61,"column":5},"end":{"line":61,"column":17}}},"5":{"name":"(anonymous_5)","line":82,"loc":{"start":{"line":82,"column":5},"end":{"line":82,"column":17}}},"6":{"name":"(anonymous_6)","line":91,"loc":{"start":{"line":91,"column":77},"end":{"line":94,"column":10}}},"7":{"name":"(anonymous_7)","line":112,"loc":{"start":{"line":112,"column":83},"end":{"line":115,"column":10}},"skip":true},"8":{"name":"(anonymous_8)","line":123,"loc":{"start":{"line":123,"column":77},"end":{"line":126,"column":10}},"skip":true},"9":{"name":"(anonymous_9)","line":139,"loc":{"start":{"line":139,"column":12},"end":{"line":139,"column":40}},"skip":true},"10":{"name":"(anonymous_10)","line":147,"loc":{"start":{"line":147,"column":77},"end":{"line":150,"column":10}},"skip":true},"11":{"name":"(anonymous_11)","line":158,"loc":{"start":{"line":158,"column":83},"end":{"line":161,"column":10}},"skip":true},"12":{"name":"(anonymous_12)","line":169,"loc":{"start":{"line":169,"column":79},"end":{"line":172,"column":10}},"skip":true},"13":{"name":"(anonymous_13)","line":180,"loc":{"start":{"line":180,"column":75},"end":{"line":183,"column":10}},"skip":true}},"statementMap":{"1":{"start":{"line":12,"column":0},"end":{"line":195,"column":5}},"2":{"start":{"line":14,"column":4},"end":{"line":14,"column":14}},"3":{"start":{"line":19,"column":4},"end":{"line":56,"column":9}},"4":{"start":{"line":21,"column":8},"end":{"line":21,"column":19}},"5":{"start":{"line":23,"column":8},"end":{"line":35,"column":13}},"6":{"start":{"line":24,"column":12},"end":{"line":34,"column":13}},"7":{"start":{"line":25,"column":16},"end":{"line":28,"column":30}},"8":{"start":{"line":30,"column":16},"end":{"line":33,"column":27}},"9":{"start":{"line":37,"column":8},"end":{"line":39,"column":21}},"10":{"start":{"line":40,"column":8},"end":{"line":53,"column":9}},"11":{"start":{"line":43,"column":12},"end":{"line":46,"column":14}},"12":{"start":{"line":47,"column":12},"end":{"line":47,"column":18}},"13":{"start":{"line":50,"column":12},"end":{"line":51,"column":46}},"14":{"start":{"line":52,"column":12},"end":{"line":52,"column":18}},"15":{"start":{"line":55,"column":8},"end":{"line":55,"column":35}},"16":{"start":{"line":61,"column":4},"end":{"line":63,"column":9}},"17":{"start":{"line":62,"column":8},"end":{"line":62,"column":15}},"18":{"start":{"line":64,"column":4},"end":{"line":77,"column":5}},"19":{"start":{"line":70,"column":8},"end":{"line":70,"column":14}},"20":{"start":{"line":76,"column":8},"end":{"line":76,"column":14}},"21":{"start":{"line":82,"column":4},"end":{"line":84,"column":9}},"22":{"start":{"line":83,"column":8},"end":{"line":83,"column":15}},"23":{"start":{"line":85,"column":4},"end":{"line":194,"column":5}},"24":{"start":{"line":91,"column":8},"end":{"line":99,"column":10}},"25":{"start":{"line":98,"column":12},"end":{"line":98,"column":35}},"26":{"start":{"line":102,"column":8},"end":{"line":104,"column":63}},"27":{"start":{"line":105,"column":8},"end":{"line":105,"column":14}},"28":{"start":{"line":112,"column":8},"end":{"line":121,"column":10},"skip":true},"29":{"start":{"line":119,"column":12},"end":{"line":119,"column":55},"skip":true},"30":{"start":{"line":120,"column":12},"end":{"line":120,"column":48},"skip":true},"31":{"start":{"line":123,"column":8},"end":{"line":136,"column":10},"skip":true},"32":{"start":{"line":130,"column":12},"end":{"line":130,"column":76},"skip":true},"33":{"start":{"line":131,"column":12},"end":{"line":131,"column":73},"skip":true},"34":{"start":{"line":132,"column":12},"end":{"line":132,"column":74},"skip":true},"35":{"start":{"line":133,"column":12},"end":{"line":133,"column":79},"skip":true},"36":{"start":{"line":134,"column":12},"end":{"line":134,"column":25},"skip":true},"37":{"start":{"line":135,"column":12},"end":{"line":135,"column":45},"skip":true},"38":{"start":{"line":138,"column":8},"end":{"line":145,"column":14},"skip":true},"39":{"start":{"line":143,"column":16},"end":{"line":143,"column":29},"skip":true},"40":{"start":{"line":144,"column":16},"end":{"line":144,"column":55},"skip":true},"41":{"start":{"line":147,"column":8},"end":{"line":156,"column":10},"skip":true},"42":{"start":{"line":154,"column":12},"end":{"line":154,"column":25},"skip":true},"43":{"start":{"line":155,"column":12},"end":{"line":155,"column":45},"skip":true},"44":{"start":{"line":158,"column":8},"end":{"line":167,"column":10},"skip":true},"45":{"start":{"line":165,"column":12},"end":{"line":165,"column":25},"skip":true},"46":{"start":{"line":166,"column":12},"end":{"line":166,"column":48},"skip":true},"47":{"start":{"line":169,"column":8},"end":{"line":178,"column":10},"skip":true},"48":{"start":{"line":176,"column":12},"end":{"line":176,"column":25},"skip":true},"49":{"start":{"line":177,"column":12},"end":{"line":177,"column":46},"skip":true},"50":{"start":{"line":180,"column":8},"end":{"line":189,"column":10},"skip":true},"51":{"start":{"line":187,"column":12},"end":{"line":187,"column":94},"skip":true},"52":{"start":{"line":188,"column":12},"end":{"line":188,"column":48},"skip":true},"53":{"start":{"line":192,"column":8},"end":{"line":192,"column":35},"skip":true},"54":{"start":{"line":193,"column":8},"end":{"line":193,"column":14},"skip":true}},"branchMap":{"1":{"line":25,"type":"binary-expr","locations":[{"start":{"line":25,"column":23},"end":{"line":25,"column":62}},{"start":{"line":26,"column":20},"end":{"line":26,"column":70}},{"start":{"line":27,"column":20},"end":{"line":27,"column":71}},{"start":{"line":28,"column":20},"end":{"line":28,"column":29}}]},"2":{"line":30,"type":"binary-expr","locations":[{"start":{"line":30,"column":23},"end":{"line":30,"column":37}},{"start":{"line":31,"column":20},"end":{"line":31,"column":61}},{"start":{"line":32,"column":20},"end":{"line":32,"column":70}},{"start":{"line":33,"column":20},"end":{"line":33,"column":26}}]},"3":{"line":37,"type":"cond-expr","locations":[{"start":{"line":38,"column":14},"end":{"line":38,"column":20}},{"start":{"line":39,"column":14},"end":{"line":39,"column":20}}]},"4":{"line":40,"type":"switch","locations":[{"start":{"line":42,"column":8},"end":{"line":47,"column":18}},{"start":{"line":49,"column":8},"end":{"line":52,"column":18}}]},"5":{"line":44,"type":"binary-expr","locations":[{"start":{"line":44,"column":16},"end":{"line":44,"column":44}},{"start":{"line":44,"column":48},"end":{"line":44,"column":66}}]},"6":{"line":50,"type":"binary-expr","locations":[{"start":{"line":50,"column":21},"end":{"line":50,"column":49}},{"start":{"line":50,"column":53},"end":{"line":50,"column":72}}]},"7":{"line":64,"type":"switch","locations":[{"start":{"line":69,"column":4},"end":{"line":70,"column":14}},{"start":{"line":75,"column":4},"end":{"line":76,"column":14}}]},"8":{"line":85,"type":"switch","locations":[{"start":{"line":90,"column":4},"end":{"line":105,"column":14}},{"start":{"line":111,"column":4},"end":{"line":193,"column":14},"skip":true}]},"9":{"line":91,"type":"binary-expr","locations":[{"start":{"line":91,"column":42},"end":{"line":91,"column":73}},{"start":{"line":91,"column":77},"end":{"line":99,"column":9}}]},"10":{"line":102,"type":"binary-expr","locations":[{"start":{"line":102,"column":18},"end":{"line":102,"column":32}},{"start":{"line":103,"column":12},"end":{"line":103,"column":53}},{"start":{"line":104,"column":12},"end":{"line":104,"column":61}}]},"11":{"line":112,"type":"binary-expr","locations":[{"start":{"line":112,"column":45},"end":{"line":112,"column":79},"skip":true},{"start":{"line":112,"column":83},"end":{"line":121,"column":9},"skip":true}]},"12":{"line":123,"type":"binary-expr","locations":[{"start":{"line":123,"column":42},"end":{"line":123,"column":73},"skip":true},{"start":{"line":123,"column":77},"end":{"line":136,"column":9},"skip":true}]},"13":{"line":138,"type":"binary-expr","locations":[{"start":{"line":138,"column":48},"end":{"line":138,"column":85},"skip":true},{"start":{"line":139,"column":12},"end":{"line":145,"column":13},"skip":true}]},"14":{"line":147,"type":"binary-expr","locations":[{"start":{"line":147,"column":42},"end":{"line":147,"column":73},"skip":true},{"start":{"line":147,"column":77},"end":{"line":156,"column":9},"skip":true}]},"15":{"line":158,"type":"binary-expr","locations":[{"start":{"line":158,"column":45},"end":{"line":158,"column":79},"skip":true},{"start":{"line":158,"column":83},"end":{"line":167,"column":9},"skip":true}]},"16":{"line":169,"type":"binary-expr","locations":[{"start":{"line":169,"column":43},"end":{"line":169,"column":75},"skip":true},{"start":{"line":169,"column":79},"end":{"line":178,"column":9},"skip":true}]},"17":{"line":180,"type":"binary-expr","locations":[{"start":{"line":180,"column":41},"end":{"line":180,"column":71},"skip":true},{"start":{"line":180,"column":75},"end":{"line":189,"column":9},"skip":true}]}},"code":["/* istanbul instrument in package npmtest_autobahn */","/*jslint","    bitwise: true,","    browser: true,","    maxerr: 8,","    maxlen: 96,","    node: true,","    nomen: true,","    regexp: true,","    stupid: true","*/","(function () {","    'use strict';","    var local;","","","","    // run shared js-env code - pre-init","    (function () {","        // init local","        local = {};","        // init modeJs","        local.modeJs = (function () {","            try {","                return typeof navigator.userAgent === 'string' &&","                    typeof document.querySelector('body') === 'object' &&","                    typeof XMLHttpRequest.prototype.open === 'function' &&","                    'browser';","            } catch (errorCaughtBrowser) {","                return module.exports &&","                    typeof process.versions.node === 'string' &&","                    typeof require('http').createServer === 'function' &&","                    'node';","            }","        }());","        // init global","        local.global = local.modeJs === 'browser'","            ? window","            : global;","        switch (local.modeJs) {","        // re-init local from window.local","        case 'browser':","            local = local.global.utility2.objectSetDefault(","                local.global.utility2_rollup || local.global.local,","                local.global.utility2","            );","            break;","        // re-init local from example.js","        case 'node':","            local = (local.global.utility2_rollup || require('utility2'))","                .requireExampleJsFromReadme();","            break;","        }","        // export local","        local.global.local = local;","    }());","","","","    // run shared js-env code - function","    (function () {","        return;","    }());","    switch (local.modeJs) {","","","","    // run browser js-env code - function","    case 'browser':","        break;","","","","    // run node js-env code - function","    case 'node':","        break;","    }","","","","    // run shared js-env code - post-init","    (function () {","        return;","    }());","    switch (local.modeJs) {","","","","    // run browser js-env code - post-init","    case 'browser':","        local.testCase_browser_nullCase = local.testCase_browser_nullCase || function (","            options,","            onError","        ) {","        /*","         * this function will test browsers's null-case handling-behavior-behavior","         */","            onError(null, options);","        };","","        // run tests","        local.nop(local.modeTest &&","            document.querySelector('#testRunButton1') &&","            document.querySelector('#testRunButton1').click());","        break;","","","","    // run node js-env code - post-init","    /* istanbul ignore next */","    case 'node':","        local.testCase_buildApidoc_default = local.testCase_buildApidoc_default || function (","            options,","            onError","        ) {","        /*","         * this function will test buildApidoc's default handling-behavior-behavior","         */","            options = { modulePathList: module.paths };","            local.buildApidoc(options, onError);","        };","","        local.testCase_buildApp_default = local.testCase_buildApp_default || function (","            options,","            onError","        ) {","        /*","         * this function will test buildApp's default handling-behavior-behavior","         */","            local.testCase_buildReadme_default(options, local.onErrorThrow);","            local.testCase_buildLib_default(options, local.onErrorThrow);","            local.testCase_buildTest_default(options, local.onErrorThrow);","            local.testCase_buildCustomOrg_default(options, local.onErrorThrow);","            options = [];","            local.buildApp(options, onError);","        };","","        local.testCase_buildCustomOrg_default = local.testCase_buildCustomOrg_default ||","            function (options, onError) {","            /*","             * this function will test buildCustomOrg's default handling-behavior","             */","                options = {};","                local.buildCustomOrg(options, onError);","            };","","        local.testCase_buildLib_default = local.testCase_buildLib_default || function (","            options,","            onError","        ) {","        /*","         * this function will test buildLib's default handling-behavior","         */","            options = {};","            local.buildLib(options, onError);","        };","","        local.testCase_buildReadme_default = local.testCase_buildReadme_default || function (","            options,","            onError","        ) {","        /*","         * this function will test buildReadme's default handling-behavior-behavior","         */","            options = {};","            local.buildReadme(options, onError);","        };","","        local.testCase_buildTest_default = local.testCase_buildTest_default || function (","            options,","            onError","        ) {","        /*","         * this function will test buildTest's default handling-behavior","         */","            options = {};","            local.buildTest(options, onError);","        };","","        local.testCase_webpage_default = local.testCase_webpage_default || function (","            options,","            onError","        ) {","        /*","         * this function will test webpage's default handling-behavior","         */","            options = { modeCoverageMerge: true, url: local.serverLocalHost + '?modeTest=1' };","            local.browserTest(options, onError);","        };","","        // run test-server","        local.testRunServer(local);","        break;","    }","}());",""],"l":{"12":2,"14":2,"19":2,"21":2,"23":2,"24":2,"25":2,"30":1,"37":2,"40":2,"43":1,"47":1,"50":1,"52":1,"55":2,"61":2,"62":2,"64":2,"70":1,"76":1,"82":2,"83":2,"85":2,"91":1,"98":1,"102":1,"105":1,"112":1,"119":1,"120":1,"123":1,"130":1,"131":1,"132":1,"133":1,"134":1,"135":1,"138":1,"143":2,"144":2,"147":1,"154":2,"155":2,"158":1,"165":2,"166":2,"169":1,"176":2,"177":2,"180":1,"187":1,"188":1,"192":1,"193":1}},"/home/travis/build/npmtest/node-npmtest-autobahn/lib.npmtest_autobahn.js":{"path":"/home/travis/build/npmtest/node-npmtest-autobahn/lib.npmtest_autobahn.js","s":{"1":2,"2":2,"3":2,"4":2,"5":2,"6":2,"7":2,"8":1,"9":2,"10":2,"11":2,"12":2,"13":1,"14":1,"15":1,"16":1},"b":{"1":[2,1,1,1],"2":[1,1,1,1],"3":[1,1],"4":[2,2],"5":[1,1]},"f":{"1":2,"2":2,"3":2},"fnMap":{"1":{"name":"(anonymous_1)","line":12,"loc":{"start":{"line":12,"column":1},"end":{"line":12,"column":13}}},"2":{"name":"(anonymous_2)","line":19,"loc":{"start":{"line":19,"column":5},"end":{"line":19,"column":17}}},"3":{"name":"(anonymous_3)","line":23,"loc":{"start":{"line":23,"column":24},"end":{"line":23,"column":36}}}},"statementMap":{"1":{"start":{"line":12,"column":0},"end":{"line":53,"column":5}},"2":{"start":{"line":14,"column":4},"end":{"line":14,"column":14}},"3":{"start":{"line":19,"column":4},"end":{"line":52,"column":9}},"4":{"start":{"line":21,"column":8},"end":{"line":21,"column":19}},"5":{"start":{"line":23,"column":8},"end":{"line":35,"column":13}},"6":{"start":{"line":24,"column":12},"end":{"line":34,"column":13}},"7":{"start":{"line":25,"column":16},"end":{"line":28,"column":30}},"8":{"start":{"line":30,"column":16},"end":{"line":33,"column":27}},"9":{"start":{"line":37,"column":8},"end":{"line":39,"column":21}},"10":{"start":{"line":41,"column":8},"end":{"line":41,"column":54}},"11":{"start":{"line":43,"column":8},"end":{"line":43,"column":53}},"12":{"start":{"line":45,"column":8},"end":{"line":51,"column":9}},"13":{"start":{"line":46,"column":12},"end":{"line":46,"column":59}},"14":{"start":{"line":48,"column":12},"end":{"line":48,"column":35}},"15":{"start":{"line":49,"column":12},"end":{"line":49,"column":49}},"16":{"start":{"line":50,"column":12},"end":{"line":50,"column":43}}},"branchMap":{"1":{"line":25,"type":"binary-expr","locations":[{"start":{"line":25,"column":23},"end":{"line":25,"column":62}},{"start":{"line":26,"column":20},"end":{"line":26,"column":70}},{"start":{"line":27,"column":20},"end":{"line":27,"column":71}},{"start":{"line":28,"column":20},"end":{"line":28,"column":29}}]},"2":{"line":30,"type":"binary-expr","locations":[{"start":{"line":30,"column":23},"end":{"line":30,"column":37}},{"start":{"line":31,"column":20},"end":{"line":31,"column":61}},{"start":{"line":32,"column":20},"end":{"line":32,"column":70}},{"start":{"line":33,"column":20},"end":{"line":33,"column":26}}]},"3":{"line":37,"type":"cond-expr","locations":[{"start":{"line":38,"column":14},"end":{"line":38,"column":20}},{"start":{"line":39,"column":14},"end":{"line":39,"column":20}}]},"4":{"line":41,"type":"binary-expr","locations":[{"start":{"line":41,"column":16},"end":{"line":41,"column":44}},{"start":{"line":41,"column":48},"end":{"line":41,"column":53}}]},"5":{"line":45,"type":"if","locations":[{"start":{"line":45,"column":8},"end":{"line":45,"column":8}},{"start":{"line":45,"column":8},"end":{"line":45,"column":8}}]}},"code":["/* istanbul instrument in package npmtest_autobahn */","/*jslint","    bitwise: true,","    browser: true,","    maxerr: 8,","    maxlen: 96,","    node: true,","    nomen: true,","    regexp: true,","    stupid: true","*/","(function () {","    'use strict';","    var local;","","","","    // run shared js-env code - pre-init","    (function () {","        // init local","        local = {};","        // init modeJs","        local.modeJs = (function () {","            try {","                return typeof navigator.userAgent === 'string' &&","                    typeof document.querySelector('body') === 'object' &&","                    typeof XMLHttpRequest.prototype.open === 'function' &&","                    'browser';","            } catch (errorCaughtBrowser) {","                return module.exports &&","                    typeof process.versions.node === 'string' &&","                    typeof require('http').createServer === 'function' &&","                    'node';","            }","        }());","        // init global","        local.global = local.modeJs === 'browser'","            ? window","            : global;","        // init utility2_rollup","        local = local.global.utility2_rollup || local;","        // init lib","        local.local = local.npmtest_autobahn = local;","        // init exports","        if (local.modeJs === 'browser') {","            local.global.utility2_npmtest_autobahn = local;","        } else {","            module.exports = local;","            module.exports.__dirname = __dirname;","            module.exports.module = module;","        }","    }());","}());",""],"l":{"12":2,"14":2,"19":2,"21":2,"23":2,"24":2,"25":2,"30":1,"37":2,"41":2,"43":2,"45":2,"46":1,"48":1,"49":1,"50":1}},"/home/travis/build/npmtest/node-npmtest-autobahn/example.js":{"path":"/home/travis/build/npmtest/node-npmtest-autobahn/example.js","s":{"1":2,"2":2,"3":2,"4":2,"5":2,"6":2,"7":2,"8":1,"9":2,"10":2,"11":2,"12":2,"13":1,"14":2,"15":2,"16":2,"17":2,"18":2,"19":0,"20":2,"21":1,"22":1,"23":1,"24":1,"25":1,"26":0,"27":0,"28":1,"29":1,"30":2,"31":0,"32":0,"33":0,"34":1,"35":2,"36":2,"37":3,"38":3,"39":3,"40":3,"41":0,"42":3,"43":3,"44":3,"45":1,"46":3,"47":1,"48":1,"49":1,"50":1,"51":1,"52":1,"53":1,"54":1,"55":1,"56":1,"57":0,"58":1,"59":6,"60":6,"61":1,"62":2,"63":0,"64":2,"65":1,"66":1,"67":0,"68":0,"69":0,"70":0,"71":0,"72":0,"73":0,"74":0,"75":0,"76":0,"77":0,"78":0,"79":0,"80":0,"81":0,"82":0,"83":0},"b":{"1":[2,1,1,1],"2":[1,1,1,1],"3":[1,1],"4":[2,2],"5":[1,1],"6":[1,1],"7":[2,0],"8":[2,1,1,1,1,1],"9":[0,2,0],"10":[1,1],"11":[2,1,1],"12":[1,0],"13":[0,2],"14":[2,0,0,0,0,0,0],"15":[0,3],"16":[3,0],"17":[1,1],"18":[0,1],"19":[1,2,0,2],"20":[1,0],"21":[1,1],"22":[0,0],"23":[0,0],"24":[0,0],"25":[0,0],"26":[0,0],"27":[0,0],"28":[0,0]},"f":{"1":2,"2":2,"3":2,"4":2,"5":2,"6":2,"7":3,"8":3,"9":3,"10":1,"11":6,"12":0},"fnMap":{"1":{"name":"(anonymous_1)","line":26,"loc":{"start":{"line":26,"column":1},"end":{"line":26,"column":13}}},"2":{"name":"(anonymous_2)","line":33,"loc":{"start":{"line":33,"column":5},"end":{"line":33,"column":17}}},"3":{"name":"(anonymous_3)","line":37,"loc":{"start":{"line":37,"column":24},"end":{"line":37,"column":36}}},"4":{"name":"(anonymous_4)","line":69,"loc":{"start":{"line":69,"column":31},"end":{"line":69,"column":48}},"skip":true},"5":{"name":"(anonymous_5)","line":78,"loc":{"start":{"line":78,"column":26},"end":{"line":78,"column":45}},"skip":true},"6":{"name":"(anonymous_6)","line":123,"loc":{"start":{"line":123,"column":33},"end":{"line":123,"column":48}},"skip":true},"7":{"name":"(anonymous_7)","line":125,"loc":{"start":{"line":125,"column":27},"end":{"line":125,"column":39}},"skip":true},"8":{"name":"(anonymous_8)","line":133,"loc":{"start":{"line":133,"column":59},"end":{"line":133,"column":74}},"skip":true},"9":{"name":"(anonymous_9)","line":143,"loc":{"start":{"line":143,"column":45},"end":{"line":143,"column":62}},"skip":true},"10":{"name":"(anonymous_10)","line":144,"loc":{"start":{"line":144,"column":73},"end":{"line":144,"column":92}},"skip":true},"11":{"name":"(anonymous_11)","line":272,"loc":{"start":{"line":272,"column":51},"end":{"line":272,"column":77}},"skip":true},"12":{"name":"(anonymous_12)","line":315,"loc":{"start":{"line":315,"column":32},"end":{"line":315,"column":61}},"skip":true}},"statementMap":{"1":{"start":{"line":26,"column":0},"end":{"line":326,"column":5}},"2":{"start":{"line":28,"column":4},"end":{"line":28,"column":14}},"3":{"start":{"line":33,"column":4},"end":{"line":60,"column":9}},"4":{"start":{"line":35,"column":8},"end":{"line":35,"column":19}},"5":{"start":{"line":37,"column":8},"end":{"line":49,"column":13}},"6":{"start":{"line":38,"column":12},"end":{"line":48,"column":13}},"7":{"start":{"line":39,"column":16},"end":{"line":42,"column":30}},"8":{"start":{"line":44,"column":16},"end":{"line":47,"column":27}},"9":{"start":{"line":51,"column":8},"end":{"line":53,"column":21}},"10":{"start":{"line":55,"column":8},"end":{"line":57,"column":45}},"11":{"start":{"line":59,"column":8},"end":{"line":59,"column":35}},"12":{"start":{"line":61,"column":4},"end":{"line":325,"column":5}},"13":{"start":{"line":69,"column":8},"end":{"line":121,"column":10},"skip":true},"14":{"start":{"line":70,"column":12},"end":{"line":88,"column":13},"skip":true},"15":{"start":{"line":76,"column":16},"end":{"line":87,"column":19},"skip":true},"16":{"start":{"line":79,"column":20},"end":{"line":86,"column":21},"skip":true},"17":{"start":{"line":82,"column":24},"end":{"line":82,"column":43},"skip":true},"18":{"start":{"line":83,"column":24},"end":{"line":83,"column":30},"skip":true},"19":{"start":{"line":85,"column":24},"end":{"line":85,"column":49},"skip":true},"20":{"start":{"line":89,"column":12},"end":{"line":107,"column":13},"skip":true},"21":{"start":{"line":92,"column":16},"end":{"line":102,"column":17},"skip":true},"22":{"start":{"line":93,"column":20},"end":{"line":93,"column":86},"skip":true},"23":{"start":{"line":94,"column":20},"end":{"line":95,"column":45},"skip":true},"24":{"start":{"line":96,"column":20},"end":{"line":96,"column":42},"skip":true},"25":{"start":{"line":97,"column":20},"end":{"line":97,"column":48},"skip":true},"26":{"start":{"line":100,"column":20},"end":{"line":100,"column":85},"skip":true},"27":{"start":{"line":101,"column":20},"end":{"line":101,"column":96},"skip":true},"28":{"start":{"line":103,"column":16},"end":{"line":103,"column":22},"skip":true},"29":{"start":{"line":106,"column":16},"end":{"line":106,"column":22},"skip":true},"30":{"start":{"line":108,"column":12},"end":{"line":120,"column":13},"skip":true},"31":{"start":{"line":114,"column":16},"end":{"line":119,"column":17},"skip":true},"32":{"start":{"line":116,"column":20},"end":{"line":116,"column":78},"skip":true},"33":{"start":{"line":118,"column":20},"end":{"line":118,"column":47},"skip":true},"34":{"start":{"line":123,"column":8},"end":{"line":141,"column":11},"skip":true},"35":{"start":{"line":124,"column":12},"end":{"line":124,"column":54},"skip":true},"36":{"start":{"line":125,"column":12},"end":{"line":140,"column":14},"skip":true},"37":{"start":{"line":126,"column":16},"end":{"line":126,"column":28},"skip":true},"38":{"start":{"line":127,"column":16},"end":{"line":127,"column":69},"skip":true},"39":{"start":{"line":128,"column":16},"end":{"line":128,"column":75},"skip":true},"40":{"start":{"line":129,"column":16},"end":{"line":131,"column":17},"skip":true},"41":{"start":{"line":130,"column":20},"end":{"line":130,"column":27},"skip":true},"42":{"start":{"line":133,"column":16},"end":{"line":137,"column":36},"skip":true},"43":{"start":{"line":134,"column":20},"end":{"line":136,"column":55},"skip":true},"44":{"start":{"line":139,"column":16},"end":{"line":139,"column":57},"skip":true},"45":{"start":{"line":143,"column":8},"end":{"line":147,"column":11},"skip":true},"46":{"start":{"line":144,"column":12},"end":{"line":146,"column":15},"skip":true},"47":{"start":{"line":145,"column":16},"end":{"line":145,"column":70},"skip":true},"48":{"start":{"line":149,"column":8},"end":{"line":149,"column":31},"skip":true},"49":{"start":{"line":150,"column":8},"end":{"line":150,"column":14},"skip":true},"50":{"start":{"line":158,"column":8},"end":{"line":158,"column":31},"skip":true},"51":{"start":{"line":160,"column":8},"end":{"line":160,"column":33},"skip":true},"52":{"start":{"line":161,"column":8},"end":{"line":161,"column":37},"skip":true},"53":{"start":{"line":162,"column":8},"end":{"line":162,"column":35},"skip":true},"54":{"start":{"line":164,"column":8},"end":{"line":164,"column":50},"skip":true},"55":{"start":{"line":166,"column":8},"end":{"line":256,"column":2},"skip":true},"56":{"start":{"line":258,"column":8},"end":{"line":286,"column":9},"skip":true},"57":{"start":{"line":259,"column":12},"end":{"line":269,"column":14},"skip":true},"58":{"start":{"line":271,"column":12},"end":{"line":285,"column":19},"skip":true},"59":{"start":{"line":274,"column":20},"end":{"line":274,"column":35},"skip":true},"60":{"start":{"line":275,"column":20},"end":{"line":284,"column":21},"skip":true},"61":{"start":{"line":277,"column":24},"end":{"line":277,"column":64},"skip":true},"62":{"start":{"line":279,"column":24},"end":{"line":279,"column":40},"skip":true},"63":{"start":{"line":281,"column":24},"end":{"line":281,"column":40},"skip":true},"64":{"start":{"line":283,"column":24},"end":{"line":283,"column":39},"skip":true},"65":{"start":{"line":288,"column":8},"end":{"line":290,"column":9},"skip":true},"66":{"start":{"line":289,"column":12},"end":{"line":289,"column":18},"skip":true},"67":{"start":{"line":291,"column":8},"end":{"line":293,"column":54},"skip":true},"68":{"start":{"line":296,"column":8},"end":{"line":301,"column":37},"skip":true},"69":{"start":{"line":303,"column":8},"end":{"line":303,"column":82},"skip":true},"70":{"start":{"line":306,"column":8},"end":{"line":308,"column":9},"skip":true},"71":{"start":{"line":307,"column":12},"end":{"line":307,"column":82},"skip":true},"72":{"start":{"line":310,"column":8},"end":{"line":312,"column":9},"skip":true},"73":{"start":{"line":311,"column":12},"end":{"line":311,"column":18},"skip":true},"74":{"start":{"line":313,"column":8},"end":{"line":313,"column":54},"skip":true},"75":{"start":{"line":314,"column":8},"end":{"line":314,"column":69},"skip":true},"76":{"start":{"line":315,"column":8},"end":{"line":323,"column":36},"skip":true},"77":{"start":{"line":316,"column":12},"end":{"line":316,"column":61},"skip":true},"78":{"start":{"line":317,"column":12},"end":{"line":320,"column":13},"skip":true},"79":{"start":{"line":318,"column":16},"end":{"line":318,"column":75},"skip":true},"80":{"start":{"line":319,"column":16},"end":{"line":319,"column":23},"skip":true},"81":{"start":{"line":321,"column":12},"end":{"line":321,"column":38},"skip":true},"82":{"start":{"line":322,"column":12},"end":{"line":322,"column":27},"skip":true},"83":{"start":{"line":324,"column":8},"end":{"line":324,"column":14},"skip":true}},"branchMap":{"1":{"line":39,"type":"binary-expr","locations":[{"start":{"line":39,"column":23},"end":{"line":39,"column":62}},{"start":{"line":40,"column":20},"end":{"line":40,"column":70}},{"start":{"line":41,"column":20},"end":{"line":41,"column":71}},{"start":{"line":42,"column":20},"end":{"line":42,"column":29}}]},"2":{"line":44,"type":"binary-expr","locations":[{"start":{"line":44,"column":23},"end":{"line":44,"column":37}},{"start":{"line":45,"column":20},"end":{"line":45,"column":61}},{"start":{"line":46,"column":20},"end":{"line":46,"column":70}},{"start":{"line":47,"column":20},"end":{"line":47,"column":26}}]},"3":{"line":51,"type":"cond-expr","locations":[{"start":{"line":52,"column":14},"end":{"line":52,"column":20}},{"start":{"line":53,"column":14},"end":{"line":53,"column":20}}]},"4":{"line":55,"type":"binary-expr","locations":[{"start":{"line":55,"column":16},"end":{"line":55,"column":44}},{"start":{"line":55,"column":49},"end":{"line":57,"column":43}}]},"5":{"line":55,"type":"cond-expr","locations":[{"start":{"line":56,"column":14},"end":{"line":56,"column":52}},{"start":{"line":57,"column":14},"end":{"line":57,"column":43}}]},"6":{"line":61,"type":"switch","locations":[{"start":{"line":68,"column":4},"end":{"line":150,"column":14},"skip":true},{"start":{"line":156,"column":4},"end":{"line":324,"column":14},"skip":true}]},"7":{"line":70,"type":"if","locations":[{"start":{"line":70,"column":12},"end":{"line":70,"column":12},"skip":true},{"start":{"line":70,"column":12},"end":{"line":70,"column":12},"skip":true}]},"8":{"line":70,"type":"binary-expr","locations":[{"start":{"line":70,"column":16},"end":{"line":70,"column":22},"skip":true},{"start":{"line":70,"column":27},"end":{"line":70,"column":32},"skip":true},{"start":{"line":71,"column":20},"end":{"line":71,"column":39},"skip":true},{"start":{"line":72,"column":20},"end":{"line":72,"column":49},"skip":true},{"start":{"line":73,"column":20},"end":{"line":73,"column":58},"skip":true},{"start":{"line":74,"column":20},"end":{"line":74,"column":69},"skip":true}]},"9":{"line":79,"type":"switch","locations":[{"start":{"line":80,"column":20},"end":{"line":80,"column":33},"skip":true},{"start":{"line":81,"column":20},"end":{"line":83,"column":30},"skip":true},{"start":{"line":84,"column":20},"end":{"line":85,"column":49},"skip":true}]},"10":{"line":89,"type":"switch","locations":[{"start":{"line":90,"column":12},"end":{"line":103,"column":22},"skip":true},{"start":{"line":105,"column":12},"end":{"line":106,"column":22},"skip":true}]},"11":{"line":89,"type":"binary-expr","locations":[{"start":{"line":89,"column":20},"end":{"line":89,"column":25},"skip":true},{"start":{"line":89,"column":29},"end":{"line":89,"column":48},"skip":true},{"start":{"line":89,"column":52},"end":{"line":89,"column":74},"skip":true}]},"12":{"line":92,"type":"if","locations":[{"start":{"line":92,"column":16},"end":{"line":92,"column":16},"skip":true},{"start":{"line":92,"column":16},"end":{"line":92,"column":16},"skip":true}]},"13":{"line":108,"type":"if","locations":[{"start":{"line":108,"column":12},"end":{"line":108,"column":12},"skip":true},{"start":{"line":108,"column":12},"end":{"line":108,"column":12},"skip":true}]},"14":{"line":108,"type":"binary-expr","locations":[{"start":{"line":108,"column":16},"end":{"line":108,"column":61},"skip":true},{"start":{"line":108,"column":66},"end":{"line":108,"column":72},"skip":true},{"start":{"line":108,"column":77},"end":{"line":108,"column":82},"skip":true},{"start":{"line":109,"column":20},"end":{"line":109,"column":39},"skip":true},{"start":{"line":110,"column":20},"end":{"line":110,"column":49},"skip":true},{"start":{"line":111,"column":20},"end":{"line":111,"column":58},"skip":true},{"start":{"line":112,"column":20},"end":{"line":112,"column":68},"skip":true}]},"15":{"line":129,"type":"if","locations":[{"start":{"line":129,"column":16},"end":{"line":129,"column":16},"skip":true},{"start":{"line":129,"column":16},"end":{"line":129,"column":16},"skip":true}]},"16":{"line":134,"type":"cond-expr","locations":[{"start":{"line":135,"column":26},"end":{"line":135,"column":29},"skip":true},{"start":{"line":136,"column":26},"end":{"line":136,"column":54},"skip":true}]},"17":{"line":164,"type":"binary-expr","locations":[{"start":{"line":164,"column":27},"end":{"line":164,"column":43},"skip":true},{"start":{"line":164,"column":47},"end":{"line":164,"column":49},"skip":true}]},"18":{"line":258,"type":"if","locations":[{"start":{"line":258,"column":8},"end":{"line":258,"column":8},"skip":true},{"start":{"line":258,"column":8},"end":{"line":258,"column":8},"skip":true}]},"19":{"line":275,"type":"switch","locations":[{"start":{"line":276,"column":20},"end":{"line":277,"column":64},"skip":true},{"start":{"line":278,"column":20},"end":{"line":279,"column":40},"skip":true},{"start":{"line":280,"column":20},"end":{"line":281,"column":40},"skip":true},{"start":{"line":282,"column":20},"end":{"line":283,"column":39},"skip":true}]},"20":{"line":288,"type":"if","locations":[{"start":{"line":288,"column":8},"end":{"line":288,"column":8},"skip":true},{"start":{"line":288,"column":8},"end":{"line":288,"column":8},"skip":true}]},"21":{"line":288,"type":"binary-expr","locations":[{"start":{"line":288,"column":12},"end":{"line":288,"column":40},"skip":true},{"start":{"line":288,"column":44},"end":{"line":288,"column":67},"skip":true}]},"22":{"line":292,"type":"binary-expr","locations":[{"start":{"line":292,"column":12},"end":{"line":292,"column":50},"skip":true},{"start":{"line":293,"column":12},"end":{"line":293,"column":53},"skip":true}]},"23":{"line":297,"type":"binary-expr","locations":[{"start":{"line":297,"column":12},"end":{"line":297,"column":66},"skip":true},{"start":{"line":298,"column":12},"end":{"line":301,"column":36},"skip":true}]},"24":{"line":303,"type":"binary-expr","locations":[{"start":{"line":303,"column":43},"end":{"line":303,"column":75},"skip":true},{"start":{"line":303,"column":79},"end":{"line":303,"column":81},"skip":true}]},"25":{"line":306,"type":"if","locations":[{"start":{"line":306,"column":8},"end":{"line":306,"column":8},"skip":true},{"start":{"line":306,"column":8},"end":{"line":306,"column":8},"skip":true}]},"26":{"line":310,"type":"if","locations":[{"start":{"line":310,"column":8},"end":{"line":310,"column":8},"skip":true},{"start":{"line":310,"column":8},"end":{"line":310,"column":8},"skip":true}]},"27":{"line":313,"type":"binary-expr","locations":[{"start":{"line":313,"column":27},"end":{"line":313,"column":43},"skip":true},{"start":{"line":313,"column":47},"end":{"line":313,"column":53},"skip":true}]},"28":{"line":317,"type":"if","locations":[{"start":{"line":317,"column":12},"end":{"line":317,"column":12},"skip":true},{"start":{"line":317,"column":12},"end":{"line":317,"column":12},"skip":true}]}},"code":["/*","example.js","","quickstart example","","instruction","    1. save this script as example.js","    2. run the shell command:","        $ npm install npmtest-autobahn && PORT=8081 node example.js","    3. play with the browser-demo on http://127.0.0.1:8081","*/","","","","/* istanbul instrument in package npmtest_autobahn */","/*jslint","    bitwise: true,","    browser: true,","    maxerr: 8,","    maxlen: 96,","    node: true,","    nomen: true,","    regexp: true,","    stupid: true","*/","(function () {","    'use strict';","    var local;","","","","    // run shared js-env code - pre-init","    (function () {","        // init local","        local = {};","        // init modeJs","        local.modeJs = (function () {","            try {","                return typeof navigator.userAgent === 'string' &&","                    typeof document.querySelector('body') === 'object' &&","                    typeof XMLHttpRequest.prototype.open === 'function' &&","                    'browser';","            } catch (errorCaughtBrowser) {","                return module.exports &&","                    typeof process.versions.node === 'string' &&","                    typeof require('http').createServer === 'function' &&","                    'node';","            }","        }());","        // init global","        local.global = local.modeJs === 'browser'","            ? window","            : global;","        // init utility2_rollup","        local = local.global.utility2_rollup || (local.modeJs === 'browser'","            ? local.global.utility2_npmtest_autobahn","            : global.utility2_moduleExports);","        // export local","        local.global.local = local;","    }());","    switch (local.modeJs) {","","","","    // post-init","    // run browser js-env code - post-init","    /* istanbul ignore next */","    case 'browser':","        local.testRunBrowser = function (event) {","            if (!event || (event &&","                    event.currentTarget &&","                    event.currentTarget.className &&","                    event.currentTarget.className.includes &&","                    event.currentTarget.className.includes('onreset'))) {","                // reset output","                Array.from(","                    document.querySelectorAll('body > .resettable')","                ).forEach(function (element) {","                    switch (element.tagName) {","                    case 'INPUT':","                    case 'TEXTAREA':","                        element.value = '';","                        break;","                    default:","                        element.textContent = '';","                    }","                });","            }","            switch (event && event.currentTarget && event.currentTarget.id) {","            case 'testRunButton1':","                // show tests","                if (document.querySelector('#testReportDiv1').style.display === 'none') {","                    document.querySelector('#testReportDiv1').style.display = 'block';","                    document.querySelector('#testRunButton1').textContent =","                        'hide internal test';","                    local.modeTest = true;","                    local.testRunDefault(local);","                // hide tests","                } else {","                    document.querySelector('#testReportDiv1').style.display = 'none';","                    document.querySelector('#testRunButton1').textContent = 'run internal test';","                }","                break;","            // custom-case","            default:","                break;","            }","            if (document.querySelector('#inputTextareaEval1') && (!event || (event &&","                    event.currentTarget &&","                    event.currentTarget.className &&","                    event.currentTarget.className.includes &&","                    event.currentTarget.className.includes('oneval')))) {","                // try to eval input-code","                try {","                    /*jslint evil: true*/","                    eval(document.querySelector('#inputTextareaEval1').value);","                } catch (errorCaught) {","                    console.error(errorCaught);","                }","            }","        };","        // log stderr and stdout to #outputTextareaStdout1","        ['error', 'log'].forEach(function (key) {","            console[key + '_original'] = console[key];","            console[key] = function () {","                var element;","                console[key + '_original'].apply(console, arguments);","                element = document.querySelector('#outputTextareaStdout1');","                if (!element) {","                    return;","                }","                // append text to #outputTextareaStdout1","                element.value += Array.from(arguments).map(function (arg) {","                    return typeof arg === 'string'","                        ? arg","                        : JSON.stringify(arg, null, 4);","                }).join(' ') + '\\n';","                // scroll textarea to bottom","                element.scrollTop = element.scrollHeight;","            };","        });","        // init event-handling","        ['change', 'click', 'keyup'].forEach(function (event) {","            Array.from(document.querySelectorAll('.on' + event)).forEach(function (element) {","                element.addEventListener(event, local.testRunBrowser);","            });","        });","        // run tests","        local.testRunBrowser();","        break;","","","","    // run node js-env code - post-init","    /* istanbul ignore next */","    case 'node':","        // export local","        module.exports = local;","        // require modules","        local.fs = require('fs');","        local.http = require('http');","        local.url = require('url');","        // init assets","        local.assetsDict = local.assetsDict || {};","        /* jslint-ignore-begin */","        local.assetsDict['/assets.index.template.html'] = '\\","<!doctype html>\\n\\","<html lang=\"en\">\\n\\","<head>\\n\\","<meta charset=\"UTF-8\">\\n\\","<meta name=\"viewport\" content=\"width=device-width, initial-scale=1\">\\n\\","<title>{{env.npm_package_name}} (v{{env.npm_package_version}})</title>\\n\\","<style>\\n\\","/*csslint\\n\\","    box-sizing: false,\\n\\","    universal-selector: false\\n\\","*/\\n\\","* {\\n\\","    box-sizing: border-box;\\n\\","}\\n\\","body {\\n\\","    background: #dde;\\n\\","    font-family: Arial, Helvetica, sans-serif;\\n\\","    margin: 2rem;\\n\\","}\\n\\","body > * {\\n\\","    margin-bottom: 1rem;\\n\\","}\\n\\",".utility2FooterDiv {\\n\\","    margin-top: 20px;\\n\\","    text-align: center;\\n\\","}\\n\\","</style>\\n\\","<style>\\n\\","/*csslint\\n\\","*/\\n\\","textarea {\\n\\","    font-family: monospace;\\n\\","    height: 10rem;\\n\\","    width: 100%;\\n\\","}\\n\\","textarea[readonly] {\\n\\","    background: #ddd;\\n\\","}\\n\\","</style>\\n\\","</head>\\n\\","<body>\\n\\","<!-- utility2-comment\\n\\","<div id=\"ajaxProgressDiv1\" style=\"background: #d00; height: 2px; left: 0; margin: 0; padding: 0; position: fixed; top: 0; transition: background 0.5s, width 1.5s; width: 25%;\"></div>\\n\\","utility2-comment -->\\n\\","<h1>\\n\\","<!-- utility2-comment\\n\\","    <a\\n\\","        {{#if env.npm_package_homepage}}\\n\\","        href=\"{{env.npm_package_homepage}}\"\\n\\","        {{/if env.npm_package_homepage}}\\n\\","        target=\"_blank\"\\n\\","    >\\n\\","utility2-comment -->\\n\\","        {{env.npm_package_name}} (v{{env.npm_package_version}})\\n\\","<!-- utility2-comment\\n\\","    </a>\\n\\","utility2-comment -->\\n\\","</h1>\\n\\","<h3>{{env.npm_package_description}}</h3>\\n\\","<!-- utility2-comment\\n\\","<h4><a download href=\"assets.app.js\">download standalone app</a></h4>\\n\\","<button class=\"onclick onreset\" id=\"testRunButton1\">run internal test</button><br>\\n\\","<div id=\"testReportDiv1\" style=\"display: none;\"></div>\\n\\","utility2-comment -->\\n\\","\\n\\","\\n\\","\\n\\","<label>stderr and stdout</label>\\n\\","<textarea class=\"resettable\" id=\"outputTextareaStdout1\" readonly></textarea>\\n\\","<!-- utility2-comment\\n\\","{{#if isRollup}}\\n\\","<script src=\"assets.app.js\"></script>\\n\\","{{#unless isRollup}}\\n\\","utility2-comment -->\\n\\","<script src=\"assets.utility2.rollup.js\"></script>\\n\\","<script src=\"jsonp.utility2._stateInit?callback=window.utility2._stateInit\"></script>\\n\\","<script src=\"assets.npmtest_autobahn.rollup.js\"></script>\\n\\","<script src=\"assets.example.js\"></script>\\n\\","<script src=\"assets.test.js\"></script>\\n\\","<!-- utility2-comment\\n\\","{{/if isRollup}}\\n\\","utility2-comment -->\\n\\","<div class=\"utility2FooterDiv\">\\n\\","    [ this app was created with\\n\\","    <a href=\"https://github.com/kaizhu256/node-utility2\" target=\"_blank\">utility2</a>\\n\\","    ]\\n\\","</div>\\n\\","</body>\\n\\","</html>\\n\\","';","        /* jslint-ignore-end */","        if (local.templateRender) {","            local.assetsDict['/'] = local.templateRender(","                local.assetsDict['/assets.index.template.html'],","                {","                    env: local.objectSetDefault(local.env, {","                        npm_package_description: 'the greatest app in the world!',","                        npm_package_name: 'my-app',","                        npm_package_nameAlias: 'my_app',","                        npm_package_version: '0.0.1'","                    })","                }","            );","        } else {","            local.assetsDict['/'] = local.assetsDict['/assets.index.template.html']","                .replace((/\\{\\{env\\.(\\w+?)\\}\\}/g), function (match0, match1) {","                    // jslint-hack","                    String(match0);","                    switch (match1) {","                    case 'npm_package_description':","                        return 'the greatest app in the world!';","                    case 'npm_package_name':","                        return 'my-app';","                    case 'npm_package_nameAlias':","                        return 'my_app';","                    case 'npm_package_version':","                        return '0.0.1';","                    }","                });","        }","        // run the cli","        if (local.global.utility2_rollup || module !== require.main) {","            break;","        }","        local.assetsDict['/assets.example.js'] =","            local.assetsDict['/assets.example.js'] ||","            local.fs.readFileSync(__filename, 'utf8');","        // bug-workaround - long $npm_package_buildCustomOrg","        /* jslint-ignore-begin */","        local.assetsDict['/assets.npmtest_autobahn.rollup.js'] =","            local.assetsDict['/assets.npmtest_autobahn.rollup.js'] ||","            local.fs.readFileSync(","                local.npmtest_autobahn.__dirname + '/lib.npmtest_autobahn.js',","                'utf8'","            ).replace((/^#!/), '//');","        /* jslint-ignore-end */","        local.assetsDict['/favicon.ico'] = local.assetsDict['/favicon.ico'] || '';","        // if $npm_config_timeout_exit exists,","        // then exit this process after $npm_config_timeout_exit ms","        if (Number(process.env.npm_config_timeout_exit)) {","            setTimeout(process.exit, Number(process.env.npm_config_timeout_exit));","        }","        // start server","        if (local.global.utility2_serverHttp1) {","            break;","        }","        process.env.PORT = process.env.PORT || '8081';","        console.error('server starting on port ' + process.env.PORT);","        local.http.createServer(function (request, response) {","            request.urlParsed = local.url.parse(request.url);","            if (local.assetsDict[request.urlParsed.pathname] !== undefined) {","                response.end(local.assetsDict[request.urlParsed.pathname]);","                return;","            }","            response.statusCode = 404;","            response.end();","        }).listen(process.env.PORT);","        break;","    }","}());",""],"l":{"26":2,"28":2,"33":2,"35":2,"37":2,"38":2,"39":2,"44":1,"51":2,"55":2,"59":2,"61":2,"69":1,"70":2,"76":2,"79":2,"82":2,"83":2,"85":1,"89":2,"92":1,"93":1,"94":1,"96":1,"97":1,"100":1,"101":1,"103":1,"106":1,"108":2,"114":1,"116":1,"118":1,"123":1,"124":2,"125":2,"126":3,"127":3,"128":3,"129":3,"130":1,"133":3,"134":3,"139":3,"143":1,"144":3,"145":1,"149":1,"150":1,"158":1,"160":1,"161":1,"162":1,"164":1,"166":1,"258":1,"259":1,"271":1,"274":6,"275":6,"277":1,"279":2,"281":1,"283":2,"288":1,"289":1,"291":1,"296":1,"303":1,"306":1,"307":1,"310":1,"311":1,"313":1,"314":1,"315":1,"316":1,"317":1,"318":1,"319":1,"321":1,"322":1,"324":1}},"/home/travis/build/npmtest/node-npmtest-autobahn/node_modules/autobahn/index.js":{"path":"/home/travis/build/npmtest/node-npmtest-autobahn/node_modules/autobahn/index.js","s":{"1":1},"b":{},"f":{},"fnMap":{},"statementMap":{"1":{"start":{"line":14,"column":0},"end":{"line":14,"column":46}}},"branchMap":{},"code":["///////////////////////////////////////////////////////////////////////////////","//","//  AutobahnJS - http://autobahn.ws, http://wamp.ws","//","//  A JavaScript library for WAMP (\"The Web Application Messaging Protocol\").","//","//  Copyright (c) Crossbar.io Technologies GmbH and contributors","//","//  Licensed under the MIT License.","//  http://www.opensource.org/licenses/mit-license.php","//","///////////////////////////////////////////////////////////////////////////////","","module.exports = require('./lib/autobahn.js');",""],"l":{"14":1}},"/home/travis/build/npmtest/node-npmtest-autobahn/node_modules/autobahn/lib/autobahn.js":{"path":"/home/travis/build/npmtest/node-npmtest-autobahn/node_modules/autobahn/lib/autobahn.js","s":{"1":1,"2":1,"3":1,"4":1,"5":1,"6":1,"7":0,"8":0,"9":0,"10":1,"11":1,"12":1,"13":1,"14":1,"15":1,"16":1,"17":1,"18":1,"19":1,"20":1,"21":1,"22":1,"23":1,"24":1,"25":1,"26":1,"27":1,"28":1,"29":1,"30":1,"31":1,"32":1,"33":1,"34":1,"35":1,"36":1},"b":{"1":[0,1],"2":[1,0],"3":[0,0]},"f":{},"fnMap":{},"statementMap":{"1":{"start":{"line":15,"column":0},"end":{"line":15,"column":25}},"2":{"start":{"line":17,"column":0},"end":{"line":17,"column":39}},"3":{"start":{"line":19,"column":0},"end":{"line":19,"column":27}},"4":{"start":{"line":22,"column":0},"end":{"line":22,"column":38}},"5":{"start":{"line":23,"column":0},"end":{"line":23,"column":27}},"6":{"start":{"line":25,"column":0},"end":{"line":31,"column":1}},"7":{"start":{"line":27,"column":3},"end":{"line":27,"column":35}},"8":{"start":{"line":28,"column":3},"end":{"line":30,"column":4}},"9":{"start":{"line":29,"column":6},"end":{"line":29,"column":46}},"10":{"start":{"line":33,"column":0},"end":{"line":33,"column":32}},"11":{"start":{"line":34,"column":0},"end":{"line":34,"column":30}},"12":{"start":{"line":35,"column":0},"end":{"line":35,"column":38}},"13":{"start":{"line":36,"column":0},"end":{"line":36,"column":44}},"14":{"start":{"line":37,"column":0},"end":{"line":37,"column":42}},"15":{"start":{"line":38,"column":0},"end":{"line":38,"column":44}},"16":{"start":{"line":40,"column":0},"end":{"line":40,"column":43}},"17":{"start":{"line":41,"column":0},"end":{"line":41,"column":35}},"18":{"start":{"line":43,"column":0},"end":{"line":43,"column":32}},"19":{"start":{"line":45,"column":0},"end":{"line":45,"column":42}},"20":{"start":{"line":47,"column":0},"end":{"line":47,"column":43}},"21":{"start":{"line":49,"column":0},"end":{"line":49,"column":34}},"22":{"start":{"line":50,"column":0},"end":{"line":50,"column":40}},"23":{"start":{"line":51,"column":0},"end":{"line":51,"column":30}},"24":{"start":{"line":52,"column":0},"end":{"line":52,"column":32}},"25":{"start":{"line":53,"column":0},"end":{"line":53,"column":30}},"26":{"start":{"line":54,"column":0},"end":{"line":54,"column":44}},"27":{"start":{"line":55,"column":0},"end":{"line":55,"column":44}},"28":{"start":{"line":56,"column":0},"end":{"line":56,"column":42}},"29":{"start":{"line":58,"column":0},"end":{"line":58,"column":32}},"30":{"start":{"line":60,"column":0},"end":{"line":60,"column":36}},"31":{"start":{"line":61,"column":0},"end":{"line":61,"column":23}},"32":{"start":{"line":63,"column":0},"end":{"line":63,"column":20}},"33":{"start":{"line":64,"column":0},"end":{"line":64,"column":26}},"34":{"start":{"line":65,"column":0},"end":{"line":65,"column":20}},"35":{"start":{"line":67,"column":0},"end":{"line":67,"column":20}},"36":{"start":{"line":68,"column":0},"end":{"line":68,"column":18}}},"branchMap":{"1":{"line":25,"type":"if","locations":[{"start":{"line":25,"column":0},"end":{"line":25,"column":0}},{"start":{"line":25,"column":0},"end":{"line":25,"column":0}}]},"2":{"line":25,"type":"binary-expr","locations":[{"start":{"line":25,"column":4},"end":{"line":25,"column":30}},{"start":{"line":25,"column":34},"end":{"line":25,"column":48}}]},"3":{"line":28,"type":"if","locations":[{"start":{"line":28,"column":3},"end":{"line":28,"column":3}},{"start":{"line":28,"column":3},"end":{"line":28,"column":3}}]}},"code":["///////////////////////////////////////////////////////////////////////////////","//","//  AutobahnJS - http://autobahn.ws, http://wamp.ws","//","//  A JavaScript library for WAMP (\"The Web Application Messaging Protocol\").","//","//  Copyright (c) Crossbar.io Technologies GmbH and contributors","//","//  Licensed under the MIT License.","//  http://www.opensource.org/licenses/mit-license.php","//","///////////////////////////////////////////////////////////////////////////////","","// Polyfills for <= IE9","require('./polyfill.js');","","var pjson = require('../package.json');","","var when = require('when');","//var fn = require(\"when/function\");","","var msgpack = require('msgpack-lite');","var cbor = require('cbor');","","if ('AUTOBAHN_DEBUG' in global && AUTOBAHN_DEBUG) {","   // https://github.com/cujojs/when/blob/master/docs/api.md#whenmonitor","   require('when/monitor/console');","   if ('console' in global) {","      console.log(\"AutobahnJS debug enabled\");","   }","}","","var util = require('./util.js');","var log = require('./log.js');","var session = require('./session.js');","var connection = require('./connection.js');","var configure = require('./configure.js');","var serializer = require('./serializer.js');","","var persona = require('./auth/persona.js');","var cra = require('./auth/cra.js');","","exports.version = pjson.version;","","exports.transports = configure.transports;","","exports.Connection = connection.Connection;","","exports.Session = session.Session;","exports.Invocation = session.Invocation;","exports.Event = session.Event;","exports.Result = session.Result;","exports.Error = session.Error;","exports.Subscription = session.Subscription;","exports.Registration = session.Registration;","exports.Publication = session.Publication;","","exports.serializer = serializer;","","exports.auth_persona = persona.auth;","exports.auth_cra = cra;","","exports.when = when;","exports.msgpack = msgpack;","exports.cbor = cbor;","","exports.util = util;","exports.log = log;",""],"l":{"15":1,"17":1,"19":1,"22":1,"23":1,"25":1,"27":0,"28":0,"29":0,"33":1,"34":1,"35":1,"36":1,"37":1,"38":1,"40":1,"41":1,"43":1,"45":1,"47":1,"49":1,"50":1,"51":1,"52":1,"53":1,"54":1,"55":1,"56":1,"58":1,"60":1,"61":1,"63":1,"64":1,"65":1,"67":1,"68":1}},"/home/travis/build/npmtest/node-npmtest-autobahn/node_modules/autobahn/lib/polyfill.js":{"path":"/home/travis/build/npmtest/node-npmtest-autobahn/node_modules/autobahn/lib/polyfill.js","s":{"1":1,"2":1,"3":1,"4":1,"5":1,"6":1,"7":1},"b":{},"f":{},"fnMap":{},"statementMap":{"1":{"start":{"line":1,"column":0},"end":{"line":1,"column":32}},"2":{"start":{"line":2,"column":0},"end":{"line":2,"column":31}},"3":{"start":{"line":3,"column":0},"end":{"line":3,"column":32}},"4":{"start":{"line":4,"column":0},"end":{"line":4,"column":34}},"5":{"start":{"line":5,"column":0},"end":{"line":5,"column":33}},"6":{"start":{"line":6,"column":0},"end":{"line":6,"column":36}},"7":{"start":{"line":7,"column":0},"end":{"line":7,"column":30}}},"branchMap":{},"code":["require('./polyfill/object.js');","require('./polyfill/array.js');","require('./polyfill/string.js');","require('./polyfill/function.js');","require('./polyfill/console.js');","require('./polyfill/typedarray.js');","require('./polyfill/json.js');",""],"l":{"1":1,"2":1,"3":1,"4":1,"5":1,"6":1,"7":1}},"/home/travis/build/npmtest/node-npmtest-autobahn/node_modules/autobahn/lib/polyfill/object.js":{"path":"/home/travis/build/npmtest/node-npmtest-autobahn/node_modules/autobahn/lib/polyfill/object.js","s":{"1":1,"2":0,"3":1,"4":0,"5":0,"6":0,"7":0,"8":0,"9":1,"10":0,"11":0,"12":0,"13":0,"14":0,"15":0,"16":0,"17":0,"18":0,"19":0,"20":0,"21":0,"22":0,"23":0},"b":{"1":[0,1],"2":[0,0],"3":[0,1],"4":[0,0],"5":[0,0,0],"6":[0,0],"7":[0,0],"8":[0,0]},"f":{"1":0,"2":0,"3":0,"4":0,"5":0},"fnMap":{"1":{"name":"(anonymous_1)","line":2,"loc":{"start":{"line":2,"column":21},"end":{"line":2,"column":31}}},"2":{"name":"F","line":3,"loc":{"start":{"line":3,"column":8},"end":{"line":3,"column":20}}},"3":{"name":"(anonymous_3)","line":5,"loc":{"start":{"line":5,"column":15},"end":{"line":5,"column":26}}},"4":{"name":"(anonymous_4)","line":16,"loc":{"start":{"line":16,"column":17},"end":{"line":16,"column":29}}},"5":{"name":"(anonymous_5)","line":31,"loc":{"start":{"line":31,"column":11},"end":{"line":31,"column":26}}}},"statementMap":{"1":{"start":{"line":1,"column":0},"end":{"line":13,"column":1}},"2":{"start":{"line":2,"column":4},"end":{"line":12,"column":8}},"3":{"start":{"line":3,"column":8},"end":{"line":3,"column":22}},"4":{"start":{"line":5,"column":8},"end":{"line":11,"column":9}},"5":{"start":{"line":6,"column":12},"end":{"line":8,"column":13}},"6":{"start":{"line":7,"column":16},"end":{"line":7,"column":92}},"7":{"start":{"line":9,"column":12},"end":{"line":9,"column":28}},"8":{"start":{"line":10,"column":12},"end":{"line":10,"column":26}},"9":{"start":{"line":15,"column":0},"end":{"line":54,"column":1}},"10":{"start":{"line":16,"column":2},"end":{"line":53,"column":7}},"11":{"start":{"line":18,"column":4},"end":{"line":29,"column":43}},"12":{"start":{"line":31,"column":4},"end":{"line":52,"column":6}},"13":{"start":{"line":32,"column":6},"end":{"line":34,"column":7}},"14":{"start":{"line":33,"column":8},"end":{"line":33,"column":64}},"15":{"start":{"line":36,"column":6},"end":{"line":36,"column":31}},"16":{"start":{"line":38,"column":6},"end":{"line":42,"column":7}},"17":{"start":{"line":39,"column":8},"end":{"line":41,"column":9}},"18":{"start":{"line":40,"column":10},"end":{"line":40,"column":28}},"19":{"start":{"line":44,"column":6},"end":{"line":50,"column":7}},"20":{"start":{"line":45,"column":8},"end":{"line":49,"column":9}},"21":{"start":{"line":46,"column":10},"end":{"line":48,"column":11}},"22":{"start":{"line":47,"column":12},"end":{"line":47,"column":38}},"23":{"start":{"line":51,"column":6},"end":{"line":51,"column":20}}},"branchMap":{"1":{"line":1,"type":"if","locations":[{"start":{"line":1,"column":0},"end":{"line":1,"column":0}},{"start":{"line":1,"column":0},"end":{"line":1,"column":0}}]},"2":{"line":6,"type":"if","locations":[{"start":{"line":6,"column":12},"end":{"line":6,"column":12}},{"start":{"line":6,"column":12},"end":{"line":6,"column":12}}]},"3":{"line":15,"type":"if","locations":[{"start":{"line":15,"column":0},"end":{"line":15,"column":0}},{"start":{"line":15,"column":0},"end":{"line":15,"column":0}}]},"4":{"line":32,"type":"if","locations":[{"start":{"line":32,"column":6},"end":{"line":32,"column":6}},{"start":{"line":32,"column":6},"end":{"line":32,"column":6}}]},"5":{"line":32,"type":"binary-expr","locations":[{"start":{"line":32,"column":10},"end":{"line":32,"column":33}},{"start":{"line":32,"column":38},"end":{"line":32,"column":63}},{"start":{"line":32,"column":67},"end":{"line":32,"column":79}}]},"6":{"line":39,"type":"if","locations":[{"start":{"line":39,"column":8},"end":{"line":39,"column":8}},{"start":{"line":39,"column":8},"end":{"line":39,"column":8}}]},"7":{"line":44,"type":"if","locations":[{"start":{"line":44,"column":6},"end":{"line":44,"column":6}},{"start":{"line":44,"column":6},"end":{"line":44,"column":6}}]},"8":{"line":46,"type":"if","locations":[{"start":{"line":46,"column":10},"end":{"line":46,"column":10}},{"start":{"line":46,"column":10},"end":{"line":46,"column":10}}]}},"code":["if (!Object.create) {","    Object.create = (function(){","        function F(){}","","        return function(o){","            if (arguments.length != 1) {","                throw new Error('Object.create implementation only accepts one parameter.');","            }","            F.prototype = o;","            return new F()","        }","    })()","}","// From https://developer.mozilla.org/en-US/docs/Web/JavaScript/Reference/Global_Objects/Object/keys","if (!Object.keys) {","  Object.keys = (function () {","    'use strict';","    var hasOwnProperty = Object.prototype.hasOwnProperty,","        hasDontEnumBug = !({toString: null}).propertyIsEnumerable('toString'),","        dontEnums = [","          'toString',","          'toLocaleString',","          'valueOf',","          'hasOwnProperty',","          'isPrototypeOf',","          'propertyIsEnumerable',","          'constructor'","        ],","        dontEnumsLength = dontEnums.length;","","    return function (obj) {","      if (typeof obj !== 'object' && (typeof obj !== 'function' || obj === null)) {","        throw new TypeError('Object.keys called on non-object');","      }","","      var result = [], prop, i;","","      for (prop in obj) {","        if (hasOwnProperty.call(obj, prop)) {","          result.push(prop);","        }","      }","","      if (hasDontEnumBug) {","        for (i = 0; i < dontEnumsLength; i++) {","          if (hasOwnProperty.call(obj, dontEnums[i])) {","            result.push(dontEnums[i]);","          }","        }","      }","      return result;","    };","  }());","}"],"l":{"1":1,"2":0,"3":1,"5":0,"6":0,"7":0,"9":0,"10":0,"15":1,"16":0,"18":0,"31":0,"32":0,"33":0,"36":0,"38":0,"39":0,"40":0,"44":0,"45":0,"46":0,"47":0,"51":0}},"/home/travis/build/npmtest/node-npmtest-autobahn/node_modules/autobahn/lib/polyfill/array.js":{"path":"/home/travis/build/npmtest/node-npmtest-autobahn/node_modules/autobahn/lib/polyfill/array.js","s":{"1":1,"2":0,"3":0,"4":0,"5":0,"6":0,"7":0,"8":0,"9":0,"10":0,"11":0,"12":0,"13":0,"14":0,"15":0,"16":0,"17":0,"18":0,"19":0,"20":0,"21":0,"22":1,"23":0,"24":0,"25":0,"26":0,"27":0,"28":0,"29":0,"30":0,"31":0,"32":0,"33":0,"34":1,"35":0,"36":0,"37":0,"38":0,"39":0,"40":0,"41":0,"42":0,"43":0,"44":0,"45":0,"46":1,"47":0,"48":0,"49":0,"50":0,"51":1,"52":0,"53":0,"54":0,"55":0,"56":0,"57":0,"58":1,"59":0,"60":0,"61":0,"62":0,"63":0,"64":0,"65":1,"66":0,"67":0,"68":0,"69":0,"70":0,"71":1,"72":0,"73":0,"74":0,"75":0,"76":0,"77":1,"78":0,"79":0,"80":0,"81":0,"82":0,"83":0,"84":0,"85":0,"86":0,"87":0,"88":0,"89":0,"90":0,"91":0,"92":0,"93":0,"94":0},"b":{"1":[0,1],"2":[0,0],"3":[0,0],"4":[0,0],"5":[0,0],"6":[0,0],"7":[0,0],"8":[0,0],"9":[0,1],"10":[0,0],"11":[0,0],"12":[0,0],"13":[0,0],"14":[0,0],"15":[0,1],"16":[0,0],"17":[0,0],"18":[0,0],"19":[0,0],"20":[0,0],"21":[0,1],"22":[0,0],"23":[0,1],"24":[0,0],"25":[0,1],"26":[0,0],"27":[0,0],"28":[0,1],"29":[0,0],"30":[0,0],"31":[0,1],"32":[0,0],"33":[0,0],"34":[0,1],"35":[0,0],"36":[0,0],"37":[0,0],"38":[0,0],"39":[0,0],"40":[0,0],"41":[0,0]},"f":{"1":0,"2":0,"3":0,"4":0,"5":0,"6":0,"7":0,"8":0,"9":0},"fnMap":{"1":{"name":"(anonymous_1)","line":2,"loc":{"start":{"line":2,"column":27},"end":{"line":2,"column":67}}},"2":{"name":"(anonymous_2)","line":35,"loc":{"start":{"line":35,"column":29},"end":{"line":35,"column":55}}},"3":{"name":"(anonymous_3)","line":46,"loc":{"start":{"line":46,"column":33},"end":{"line":46,"column":59}}},"4":{"name":"(anonymous_4)","line":57,"loc":{"start":{"line":57,"column":29},"end":{"line":57,"column":60}}},"5":{"name":"(anonymous_5)","line":64,"loc":{"start":{"line":64,"column":25},"end":{"line":64,"column":56}}},"6":{"name":"(anonymous_6)","line":73,"loc":{"start":{"line":73,"column":28},"end":{"line":73,"column":59}}},"7":{"name":"(anonymous_7)","line":82,"loc":{"start":{"line":82,"column":27},"end":{"line":82,"column":58}}},"8":{"name":"(anonymous_8)","line":90,"loc":{"start":{"line":90,"column":26},"end":{"line":90,"column":57}}},"9":{"name":"(anonymous_9)","line":99,"loc":{"start":{"line":99,"column":32},"end":{"line":99,"column":72}}}},"statementMap":{"1":{"start":{"line":1,"column":0},"end":{"line":30,"column":1}},"2":{"start":{"line":2,"column":2},"end":{"line":29,"column":4}},"3":{"start":{"line":4,"column":6},"end":{"line":4,"column":27}},"4":{"start":{"line":5,"column":4},"end":{"line":8,"column":5}},"5":{"start":{"line":6,"column":6},"end":{"line":7,"column":64}},"6":{"start":{"line":9,"column":4},"end":{"line":11,"column":5}},"7":{"start":{"line":10,"column":6},"end":{"line":10,"column":61}},"8":{"start":{"line":12,"column":4},"end":{"line":12,"column":23}},"9":{"start":{"line":13,"column":4},"end":{"line":13,"column":25}},"10":{"start":{"line":14,"column":4},"end":{"line":14,"column":10}},"11":{"start":{"line":15,"column":4},"end":{"line":22,"column":5}},"12":{"start":{"line":16,"column":6},"end":{"line":16,"column":27}},"13":{"start":{"line":18,"column":6},"end":{"line":18,"column":40}},"14":{"start":{"line":18,"column":36},"end":{"line":18,"column":40}},"15":{"start":{"line":19,"column":6},"end":{"line":20,"column":75}},"16":{"start":{"line":20,"column":8},"end":{"line":20,"column":75}},"17":{"start":{"line":21,"column":6},"end":{"line":21,"column":23}},"18":{"start":{"line":23,"column":4},"end":{"line":27,"column":5}},"19":{"start":{"line":24,"column":6},"end":{"line":26,"column":7}},"20":{"start":{"line":25,"column":9},"end":{"line":25,"column":47}},"21":{"start":{"line":28,"column":4},"end":{"line":28,"column":17}},"22":{"start":{"line":34,"column":0},"end":{"line":44,"column":1}},"23":{"start":{"line":35,"column":4},"end":{"line":43,"column":6}},"24":{"start":{"line":36,"column":8},"end":{"line":36,"column":32}},"25":{"start":{"line":36,"column":27},"end":{"line":36,"column":32}},"26":{"start":{"line":37,"column":8},"end":{"line":37,"column":33}},"27":{"start":{"line":37,"column":17},"end":{"line":37,"column":33}},"28":{"start":{"line":38,"column":8},"end":{"line":38,"column":22}},"29":{"start":{"line":38,"column":17},"end":{"line":38,"column":22}},"30":{"start":{"line":39,"column":8},"end":{"line":41,"column":25}},"31":{"start":{"line":40,"column":12},"end":{"line":41,"column":25}},"32":{"start":{"line":41,"column":16},"end":{"line":41,"column":25}},"33":{"start":{"line":42,"column":8},"end":{"line":42,"column":18}},"34":{"start":{"line":45,"column":0},"end":{"line":55,"column":1}},"35":{"start":{"line":46,"column":4},"end":{"line":54,"column":6}},"36":{"start":{"line":47,"column":8},"end":{"line":47,"column":44}},"37":{"start":{"line":47,"column":27},"end":{"line":47,"column":44}},"38":{"start":{"line":48,"column":8},"end":{"line":48,"column":33}},"39":{"start":{"line":48,"column":17},"end":{"line":48,"column":33}},"40":{"start":{"line":49,"column":8},"end":{"line":49,"column":46}},"41":{"start":{"line":49,"column":29},"end":{"line":49,"column":46}},"42":{"start":{"line":50,"column":8},"end":{"line":52,"column":25}},"43":{"start":{"line":51,"column":12},"end":{"line":52,"column":25}},"44":{"start":{"line":52,"column":16},"end":{"line":52,"column":25}},"45":{"start":{"line":53,"column":8},"end":{"line":53,"column":18}},"46":{"start":{"line":56,"column":0},"end":{"line":62,"column":1}},"47":{"start":{"line":57,"column":4},"end":{"line":61,"column":6}},"48":{"start":{"line":58,"column":8},"end":{"line":60,"column":52}},"49":{"start":{"line":59,"column":12},"end":{"line":60,"column":52}},"50":{"start":{"line":60,"column":16},"end":{"line":60,"column":52}},"51":{"start":{"line":63,"column":0},"end":{"line":71,"column":1}},"52":{"start":{"line":64,"column":4},"end":{"line":70,"column":6}},"53":{"start":{"line":65,"column":8},"end":{"line":65,"column":42}},"54":{"start":{"line":66,"column":8},"end":{"line":68,"column":62}},"55":{"start":{"line":67,"column":12},"end":{"line":68,"column":62}},"56":{"start":{"line":68,"column":16},"end":{"line":68,"column":62}},"57":{"start":{"line":69,"column":8},"end":{"line":69,"column":21}},"58":{"start":{"line":72,"column":0},"end":{"line":80,"column":1}},"59":{"start":{"line":73,"column":4},"end":{"line":79,"column":6}},"60":{"start":{"line":74,"column":8},"end":{"line":74,"column":25}},"61":{"start":{"line":75,"column":8},"end":{"line":77,"column":30}},"62":{"start":{"line":76,"column":12},"end":{"line":77,"column":30}},"63":{"start":{"line":77,"column":16},"end":{"line":77,"column":30}},"64":{"start":{"line":78,"column":8},"end":{"line":78,"column":21}},"65":{"start":{"line":81,"column":0},"end":{"line":88,"column":1}},"66":{"start":{"line":82,"column":4},"end":{"line":87,"column":6}},"67":{"start":{"line":83,"column":8},"end":{"line":85,"column":29}},"68":{"start":{"line":84,"column":12},"end":{"line":85,"column":29}},"69":{"start":{"line":85,"column":16},"end":{"line":85,"column":29}},"70":{"start":{"line":86,"column":8},"end":{"line":86,"column":20}},"71":{"start":{"line":89,"column":0},"end":{"line":96,"column":1}},"72":{"start":{"line":90,"column":4},"end":{"line":95,"column":6}},"73":{"start":{"line":91,"column":8},"end":{"line":93,"column":28}},"74":{"start":{"line":92,"column":12},"end":{"line":93,"column":28}},"75":{"start":{"line":93,"column":16},"end":{"line":93,"column":28}},"76":{"start":{"line":94,"column":8},"end":{"line":94,"column":21}},"77":{"start":{"line":98,"column":0},"end":{"line":124,"column":1}},"78":{"start":{"line":99,"column":2},"end":{"line":123,"column":4}},"79":{"start":{"line":101,"column":4},"end":{"line":104,"column":5}},"80":{"start":{"line":102,"column":6},"end":{"line":103,"column":64}},"81":{"start":{"line":105,"column":4},"end":{"line":107,"column":5}},"82":{"start":{"line":106,"column":6},"end":{"line":106,"column":61}},"83":{"start":{"line":108,"column":4},"end":{"line":108,"column":69}},"84":{"start":{"line":109,"column":4},"end":{"line":116,"column":5}},"85":{"start":{"line":110,"column":6},"end":{"line":110,"column":27}},"86":{"start":{"line":112,"column":6},"end":{"line":112,"column":39}},"87":{"start":{"line":112,"column":35},"end":{"line":112,"column":39}},"88":{"start":{"line":113,"column":6},"end":{"line":114,"column":75}},"89":{"start":{"line":114,"column":8},"end":{"line":114,"column":75}},"90":{"start":{"line":115,"column":6},"end":{"line":115,"column":23}},"91":{"start":{"line":117,"column":4},"end":{"line":121,"column":5}},"92":{"start":{"line":118,"column":6},"end":{"line":120,"column":7}},"93":{"start":{"line":119,"column":9},"end":{"line":119,"column":47}},"94":{"start":{"line":122,"column":4},"end":{"line":122,"column":17}}},"branchMap":{"1":{"line":1,"type":"if","locations":[{"start":{"line":1,"column":0},"end":{"line":1,"column":0}},{"start":{"line":1,"column":0},"end":{"line":1,"column":0}}]},"2":{"line":5,"type":"if","locations":[{"start":{"line":5,"column":4},"end":{"line":5,"column":4}},{"start":{"line":5,"column":4},"end":{"line":5,"column":4}}]},"3":{"line":5,"type":"binary-expr","locations":[{"start":{"line":5,"column":9},"end":{"line":5,"column":22}},{"start":{"line":5,"column":26},"end":{"line":5,"column":53}}]},"4":{"line":9,"type":"if","locations":[{"start":{"line":9,"column":4},"end":{"line":9,"column":4}},{"start":{"line":9,"column":4},"end":{"line":9,"column":4}}]},"5":{"line":15,"type":"if","locations":[{"start":{"line":15,"column":4},"end":{"line":15,"column":4}},{"start":{"line":15,"column":4},"end":{"line":15,"column":4}}]},"6":{"line":18,"type":"binary-expr","locations":[{"start":{"line":18,"column":14},"end":{"line":18,"column":21}},{"start":{"line":18,"column":25},"end":{"line":18,"column":33}}]},"7":{"line":19,"type":"if","locations":[{"start":{"line":19,"column":6},"end":{"line":19,"column":6}},{"start":{"line":19,"column":6},"end":{"line":19,"column":6}}]},"8":{"line":24,"type":"if","locations":[{"start":{"line":24,"column":6},"end":{"line":24,"column":6}},{"start":{"line":24,"column":6},"end":{"line":24,"column":6}}]},"9":{"line":34,"type":"if","locations":[{"start":{"line":34,"column":0},"end":{"line":34,"column":0}},{"start":{"line":34,"column":0},"end":{"line":34,"column":0}}]},"10":{"line":36,"type":"if","locations":[{"start":{"line":36,"column":8},"end":{"line":36,"column":8}},{"start":{"line":36,"column":8},"end":{"line":36,"column":8}}]},"11":{"line":37,"type":"if","locations":[{"start":{"line":37,"column":8},"end":{"line":37,"column":8}},{"start":{"line":37,"column":8},"end":{"line":37,"column":8}}]},"12":{"line":38,"type":"if","locations":[{"start":{"line":38,"column":8},"end":{"line":38,"column":8}},{"start":{"line":38,"column":8},"end":{"line":38,"column":8}}]},"13":{"line":40,"type":"if","locations":[{"start":{"line":40,"column":12},"end":{"line":40,"column":12}},{"start":{"line":40,"column":12},"end":{"line":40,"column":12}}]},"14":{"line":40,"type":"binary-expr","locations":[{"start":{"line":40,"column":16},"end":{"line":40,"column":25}},{"start":{"line":40,"column":29},"end":{"line":40,"column":43}}]},"15":{"line":45,"type":"if","locations":[{"start":{"line":45,"column":0},"end":{"line":45,"column":0}},{"start":{"line":45,"column":0},"end":{"line":45,"column":0}}]},"16":{"line":47,"type":"if","locations":[{"start":{"line":47,"column":8},"end":{"line":47,"column":8}},{"start":{"line":47,"column":8},"end":{"line":47,"column":8}}]},"17":{"line":48,"type":"if","locations":[{"start":{"line":48,"column":8},"end":{"line":48,"column":8}},{"start":{"line":48,"column":8},"end":{"line":48,"column":8}}]},"18":{"line":49,"type":"if","locations":[{"start":{"line":49,"column":8},"end":{"line":49,"column":8}},{"start":{"line":49,"column":8},"end":{"line":49,"column":8}}]},"19":{"line":51,"type":"if","locations":[{"start":{"line":51,"column":12},"end":{"line":51,"column":12}},{"start":{"line":51,"column":12},"end":{"line":51,"column":12}}]},"20":{"line":51,"type":"binary-expr","locations":[{"start":{"line":51,"column":16},"end":{"line":51,"column":25}},{"start":{"line":51,"column":29},"end":{"line":51,"column":43}}]},"21":{"line":56,"type":"if","locations":[{"start":{"line":56,"column":0},"end":{"line":56,"column":0}},{"start":{"line":56,"column":0},"end":{"line":56,"column":0}}]},"22":{"line":59,"type":"if","locations":[{"start":{"line":59,"column":12},"end":{"line":59,"column":12}},{"start":{"line":59,"column":12},"end":{"line":59,"column":12}}]},"23":{"line":63,"type":"if","locations":[{"start":{"line":63,"column":0},"end":{"line":63,"column":0}},{"start":{"line":63,"column":0},"end":{"line":63,"column":0}}]},"24":{"line":67,"type":"if","locations":[{"start":{"line":67,"column":12},"end":{"line":67,"column":12}},{"start":{"line":67,"column":12},"end":{"line":67,"column":12}}]},"25":{"line":72,"type":"if","locations":[{"start":{"line":72,"column":0},"end":{"line":72,"column":0}},{"start":{"line":72,"column":0},"end":{"line":72,"column":0}}]},"26":{"line":76,"type":"if","locations":[{"start":{"line":76,"column":12},"end":{"line":76,"column":12}},{"start":{"line":76,"column":12},"end":{"line":76,"column":12}}]},"27":{"line":76,"type":"binary-expr","locations":[{"start":{"line":76,"column":16},"end":{"line":76,"column":25}},{"start":{"line":76,"column":29},"end":{"line":76,"column":67}}]},"28":{"line":81,"type":"if","locations":[{"start":{"line":81,"column":0},"end":{"line":81,"column":0}},{"start":{"line":81,"column":0},"end":{"line":81,"column":0}}]},"29":{"line":84,"type":"if","locations":[{"start":{"line":84,"column":12},"end":{"line":84,"column":12}},{"start":{"line":84,"column":12},"end":{"line":84,"column":12}}]},"30":{"line":84,"type":"binary-expr","locations":[{"start":{"line":84,"column":16},"end":{"line":84,"column":25}},{"start":{"line":84,"column":29},"end":{"line":84,"column":65}}]},"31":{"line":89,"type":"if","locations":[{"start":{"line":89,"column":0},"end":{"line":89,"column":0}},{"start":{"line":89,"column":0},"end":{"line":89,"column":0}}]},"32":{"line":92,"type":"if","locations":[{"start":{"line":92,"column":12},"end":{"line":92,"column":12}},{"start":{"line":92,"column":12},"end":{"line":92,"column":12}}]},"33":{"line":92,"type":"binary-expr","locations":[{"start":{"line":92,"column":16},"end":{"line":92,"column":25}},{"start":{"line":92,"column":29},"end":{"line":92,"column":64}}]},"34":{"line":98,"type":"if","locations":[{"start":{"line":98,"column":0},"end":{"line":98,"column":0}},{"start":{"line":98,"column":0},"end":{"line":98,"column":0}}]},"35":{"line":101,"type":"if","locations":[{"start":{"line":101,"column":4},"end":{"line":101,"column":4}},{"start":{"line":101,"column":4},"end":{"line":101,"column":4}}]},"36":{"line":101,"type":"binary-expr","locations":[{"start":{"line":101,"column":9},"end":{"line":101,"column":22}},{"start":{"line":101,"column":26},"end":{"line":101,"column":53}}]},"37":{"line":105,"type":"if","locations":[{"start":{"line":105,"column":4},"end":{"line":105,"column":4}},{"start":{"line":105,"column":4},"end":{"line":105,"column":4}}]},"38":{"line":109,"type":"if","locations":[{"start":{"line":109,"column":4},"end":{"line":109,"column":4}},{"start":{"line":109,"column":4},"end":{"line":109,"column":4}}]},"39":{"line":112,"type":"binary-expr","locations":[{"start":{"line":112,"column":14},"end":{"line":112,"column":20}},{"start":{"line":112,"column":24},"end":{"line":112,"column":32}}]},"40":{"line":113,"type":"if","locations":[{"start":{"line":113,"column":6},"end":{"line":113,"column":6}},{"start":{"line":113,"column":6},"end":{"line":113,"column":6}}]},"41":{"line":118,"type":"if","locations":[{"start":{"line":118,"column":6},"end":{"line":118,"column":6}},{"start":{"line":118,"column":6},"end":{"line":118,"column":6}}]}},"code":["if ( 'function' !== typeof Array.prototype.reduce ) {","  Array.prototype.reduce = function( callback /*, initialValue*/ ) {","    'use strict';","      var len, t, value, k;","    if ( null === this || 'undefined' === typeof this ) {","      throw new TypeError(","         'Array.prototype.reduce called on null or undefined' );","    }","    if ( 'function' !== typeof callback ) {","      throw new TypeError( callback + ' is not a function' );","    }","    t = Object( this );","    len = t.length >>> 0;","    k = 0;","    if ( arguments.length >= 2 ) {","      value = arguments[1];","    } else {","      while ( k < len && ! k in t ) k++;","      if ( k >= len )","        throw new TypeError('Reduce of empty array with no initial val
[...]
 0x2","};","","/* Default protocol options */","Protocol.prototype.DEFAULT_OPTIONS = {","   fail_on_ping_timeout: true,","   strict_pong: true,","   ping_timeout: 2000,","   autoping: 0,","   max_len_exp: 24,","   serializer: 'json',","   packet_timeout: 2000","};","","/**"," * Close transport"," *"," * @returns {Integer} Closed state code"," */","Protocol.prototype.close = function () {","   this._status = this.STATUS.CLOSED;","   this._stream.end();","","   return this.STATUS.CLOSED;","};","","/**"," * Write a frame to the transport"," *"," * @param   {Oject}    msg      The frame to send"," * @param   {Integer}  type     The frame type"," * @param   {Function} callback Callback function called when frame is sent"," */","Protocol.prototype.write = function (msg, type, callback) {","   type = type === undefined ? 0 : type;","","   // If WAMP frame, serialize the object passed","   // Otherwise send as-is","   if (type === this.MSGTYPES.WAMP) {","      msg = JSON.stringify(msg);","   }","","   // Get the frame size","   var msgLen = Buffer.byteLength(msg, 'utf8');","","   // Check frame size against negociated max size","   if (msgLen > Math.pow(2, this._options._peer_max_len_exp)) {","      this._emitter.emit('error', new ProtocolError('Frame too big'));","      return;","   }","","   // Create the frame","   var frame = new Buffer(msgLen + 4);","","   // Message type","   frame.writeUInt8(type, 0);","   // Prefix by frame size as a 24 bit integer","   frame.writeUIntBE(msgLen, 1, 3);","   frame.write(msg, 4);","","   this._stream.write(frame, callback);","};","","Protocol.prototype.ping = function (payload) {","   payload = payload || 255;","","   // Generate a random payload if none provided","   if (Number.isInteger(payload)) {","      var base = 'abcdefghijklmnopqrstuvwxyzABCDEFGHIJKLMNOPQRSTUVWXYZ'+","                 '0123456789&~\"#\\'{([-|`_\\\\^@)]=},?;.:/!*$<>';","      var len = Math.max(1, payload);","","      for (var i = 0; i < len; i++)","         payload += base.charAt((Math.random() * base.length) | 0);","   }","","   // Store the payload for checking against PONG packet","   this._ping_payload = payload;","","   // Send the packet and register the ping timeout once done","   return this.write(payload, this.MSGTYPES.PING, this._setupPingTimeout.bind(this));","};","","Protocol.prototype._setupPingTimeout = function () {","   if (this._options.ping_timeout) {","      this._ping_timeout = setTimeout(this._onPingTimeout.bind(this), this._options.ping_timeout);","   }","};","","Protocol.prototype._clearPingTimeout = function () {","   if (this._ping_timeout) {","      clearTimeout(this._ping_timeout);","      this._ping_timeout = null;","   }","};","","Protocol.prototype._setupAutoPing = function () {","   this._clearAutoPing();","","   if (this._options.autoping) {","      this._autoping_interval = setInterval(this.ping.bind(this), this._options.autoping);","   }","};","","Protocol.prototype._clearAutoPing = function () {","   if (this._autoping_interval) {","      clearInterval(this._autoping_interval);","      this._autoping_interval = null;","   }","};","","Protocol.prototype._onPingTimeout = function () {","   this._emitter.emit('error', new ProtocolError('PING timeout'));","","   if (this._options.fail_on_ping_timeout) {","      this.close();","   }","};","","/**"," * Handle incoming data"," *"," * @param {Buffer} data Incoming data"," */","Protocol.prototype._read = function (data) {","   var handler, frame;","","   switch (this._status) {","      case this.STATUS.CLOSED:","      case this.STATUS.UNINITIATED:","         this._emitter.emit('error', ProtocolError('Unexpected packet'));","         break;","","      case this.STATUS.NEGOCIATING:","         handler = this._handleHandshake;","         frame = 4;","         break;","","      case this.STATUS.NEGOCIATED:","      case this.STATUS.RXHEAD:","         this._status = this.STATUS.RXHEAD;","","         handler = this._handleHeaderPacket;","         frame = 4;","         break;","","      case this.STATUS.RXDATA:","         handler = this._handleDataPacket;","         frame = this._msgLen;","         break;","","      case this.STATUS.RXPING:","         handler = this._handlePingPacket;","         frame = this._msgLen;","         break;","","      case this.STATUS.RXPONG:","         handler = this._handlePongPacket;","         frame = this._msgLen;","         break;","   }","","   // Get a frame of the expected size","   var chunks = this._splitBytes(data, frame);","","   // Protocol#_splitBytes returns null if there isn't enough data to fill the","   // requested frame yet. Wait for more","   if (!chunks) return;","","   // Call the packet handler with the frame","   this._status = handler.call(this, chunks[0]);","","   // If there is more data, handle it","   if (chunks[1].length > 0) {","      this._read(chunks[1]);","   }","};","","/**"," * Send the handshake packet to the peer"," */","Protocol.prototype._handshake = function () {","   if (this._status !== this.STATUS.UNINITIATED) {","      throw 'Handshake packet already sent';","   }","","   // Compose handshake message","   var gday = new Buffer(4);","","   // Protocol magic byte","   gday.writeUInt8(this._MAGIC_BYTE, 0);","   // Announce message max length and serializer","   gday.writeUInt8((this._options.max_len_exp - 9) << 4 | this.SERIALIZERS[this._options.serializer], 1);","   // Reserved bytes","   gday.writeUInt8(0x00, 2);","   gday.writeUInt8(0x00, 3);","","   this._stream.write(gday);","","   this._status = this.STATUS.NEGOCIATING;","};","","/**"," * Make a frame of the requested length using the data already buffered and the"," * passed incoming data"," *"," * @param   {Buffer}  data Incoming data"," * @param   {Integer} len  Frame size"," *"," * @returns {null|Array(2)} Returns null if there is'nt enough data to fill the"," *                          frame yet, or an array containing the frame at"," *                          index 0 and the leftover bytes at index 1 otherwise."," */","Protocol.prototype._splitBytes = function (data, len) {","   // If the buffer we have already isn't the right size, throw the data away","   // and make a new one","   if (len !== this._buffer.length) {","      this._buffer = new Buffer(len);","      this._bufferLen = 0;","   }","","   // Push the data to the buffer","   data.copy(this._buffer, this._bufferLen);","","   // If there still isn't enough data, increment the counter and return null","   if (this._bufferLen + data.length < len) {","      this._bufferLen += data.length;","      return null;","   // Otherwise, return the requested frame and the leftover data","   } else {","      var bytes = this._buffer.slice();","      var extra = data.slice(len - this._bufferLen);","","      this._bufferLen = 0;","","      return [ bytes, extra ];","   }","};","","/**"," * Handle the handshake response packet"," *"," * @param   {Buffer} int32 A 4 byte buffer containing the handshake packet"," *"," * @returns {Integer} The new protocol state"," */","Protocol.prototype._handleHandshake = function (int32) {","   // Check magic byte","   if (int32[0] !== this._MAGIC_BYTE) {","      this._emitter.emit('error',  new ProtocolError(","         'Invalid magic byte. Expected 0x' +","         this._MAGIC_BYTE.toString(16) + ', got 0x' +","         int32[0].toString(16))","      );","      return this.close();","   }","","   // Check for error","   if ((int32[1] & 0x0f) === 0) {","      var errcode = int32[1] >> 4;","      this._emitter.emit('error',  new ProtocolError('Peer failed handshake: ' +","         (this.ERRORS[errcode] || '0x' + errcode.toString(16))));","      return this.close();","   }","","   // Extract max message length and serializer","   this._options._peer_max_len_exp = (int32[1] >> 4) + 9;","   this._options._peer_serializer = int32[1] & 0x0f;","","   // We only support JSON so far","   // TODO: Support more serializers","   if (this._options._peer_serializer !== this.SERIALIZERS.json) {","      this._emitter.emit('error', new ProtocolError(","         'Unsupported serializer: 0x' +","         this._options._peer_serializer.toString(16))","      );","      return this.close();","   }","","   // Protocol negociation complete, we're connected to the peer and ready to","   // talk","   this._emitter.emit('connect');","","   // Setup the autoping","   this._setupAutoPing();","","   return this.STATUS.NEGOCIATED;","};","","/**"," * Handle a frame header"," *"," * @param   {Buffer} int32 A 4 byte buffer representing the packet length"," *"," * @returns {Integer} The new protocol state"," */","Protocol.prototype._handleHeaderPacket = function (int32) {","   var type = int32[0] & 0x0f;","","   // Decode integer and store it","   this._msgLen = int32.readUIntBE(1, 3);","","   switch (type) {","      case this.MSGTYPES.WAMP: // WAMP frame","         return this.STATUS.RXDATA;","","      case this.MSGTYPES.PING: // PING frame","         return this.STATUS.RXPING;","","      case this.MSGTYPES.PONG: // PONG frame","         return this.STATUS.RXPONG;","","      default:","         this._emitter.emit('error', new ProtocolError(","            'Invalid frame type: 0x' + type.toString(16))","         );","         return this.close();","   }","};","","/**"," * Handle a data packet"," *"," * @param   {Buffer} buffer The received data"," *"," * @returns {Integer} The new protocol state"," */","Protocol.prototype._handleDataPacket = function (buffer) {","   var msg;","   // Attempt to deserialize the frame","   // TODO: Support other serializers","   try {","      msg = JSON.parse(buffer.toString('utf8'));","   } catch (e) {","      this._emitter.emit('error',","         new ProtocolError('Invalid JSON frame')","      );","      return this.STATUS.RXHEAD;","   }","","   // Emit a data event for consumers","   this._emitter.emit('data', msg);","","   return this.STATUS.RXHEAD;","};","","/**"," * Handle a ping packet - Reply with a  PONG and the same payload"," *"," * @param   {Buffer} buffer The received data"," *"," * @returns {Integer} The new protocol state"," */","Protocol.prototype._handlePingPacket = function (buffer) {","   this.write(buffer.toString('utf8'), this.MSGTYPES.PONG);","   return this.STATUS.RXHEAD;","};","","/**"," * Handle a pong packet"," *"," * @param   {Buffer} buffer The received data"," *"," * @returns {Integer} The new protocol state"," */","Protocol.prototype._handlePongPacket = function (buffer) {","   // Clear the ping timeout (if any)","   this._clearPingTimeout();","","   // If strict PONG checking is activated and the payloads don't match, throw","   // an error and close the connection","   if (this._options.strict_pong","      && this._ping_payload !== buffer.toString('utf8')) {","      this._emitter.emit('error', new ProtocolError(","         'PONG response payload doesn\\'t match PING.'","      ));","","      return this.close();","   }","","   return this.STATUS.RXHEAD;","};","","Protocol.prototype.on = function (evt, handler) {","   return this._emitter.on(evt, handler);","};","","Protocol.prototype.once = function (evt, handler) {","   return this._emitter.once(evt, handler);","};","","Protocol.prototype.removeListener = function (evt, handler) {","   return this._emitter.removeListener(evt, handler);","};","","","/**"," * ProtocolError type"," */","var ProtocolError = exports.ProtocolError = function (msg) {","   Error.apply(this, Array.prototype.splice.call(arguments));","","   Error.captureStackTrace(this, this.constructor);","","   this.message = msg;","   this.name = 'ProtocolError';","};","ProtocolError.prototype = Object.create(Error.prototype);","","","exports.Factory = Factory;","exports.Protocol = Protocol;",""],"l":{"15":1,"16":1,"17":1,"19":1,"22":1,"23":0,"25":0,"26":0,"28":0,"31":0,"33":0,"37":1,"40":1,"42":0,"45":0,"48":0,"49":0,"50":0,"51":0,"54":0,"55":0,"56":0,"58":0,"70":0,"72":0,"73":0,"74":0,"77":0,"78":0,"82":0,"83":0,"89":0,"93":0,"94":0,"100":0,"101":0,"102":0,"106":0,"107":0,"108":0,"112":0,"113":0,"114":0,"122":0,"123":0,"127":0,"128":0,"129":0,"133":0,"134":0,"135":0,"143":0,"146":0,"170":1,"171":0,"177":0,"180":0,"183":0,"187":0,"191":0,"196":0,"201":0,"208":0,"211":0,"214":0,"217":0,"219":0,"220":0,"223":0,"224":0,"225":0,"228":0,"229":0,"230":0,"233":0,"234":0,"238":0,"245":0,"246":0,"247":0,"253":1,"256":1,"261":1,"273":1,"282":1,"289":1,"304":1,"305":0,"306":0,"308":0,"318":1,"319":0,"323":0,"324":0,"328":0,"331":0,"332":0,"333":0,"337":0,"340":0,"342":0,"343":0,"345":0,"348":1,"349":0,"352":0,"353":0,"355":0,"357":0,"358":0,"362":0,"365":0,"368":1,"369":0,"370":0,"374":1,"375":0,"376":0,"377":0,"381":1,"382":0,"384":0,"385":0,"389":1,"390":0,"391":0,"392":0,"396":1,"397":0,"399":0,"400":0,"409":1,"410":0,"412":0,"415":0,"416":0,"419":0,"420":0,"421":0,"425":0,"427":0,"428":0,"429":0,"432":0,"433":0,"434":0,"437":0,"438":0,"439":0,"442":0,"443":0,"444":0,"448":0,"452":0,"455":0,"458":0,"459":0,"466":1,"467":0,"468":0,"472":0,"475":0,"477":0,"479":0,"480":0,"482":0,"484":0,"498":1,"501":0,"502":0,"503":0,"507":0,"510":0,"511":0,"512":0,"515":0,"516":0,"518":0,"520":0,"531":1,"533":0,"534":0,"539":0,"543":0,"544":0,"545":0,"547":0,"551":0,"552":0,"556":0,"557":0,"561":0,"566":0,"569":0,"571":0,"581":1,"582":0,"585":0,"587":0,"589":0,"592":0,"595":0,"598":0,"601":0,"612":1,"613":0,"616":0,"617":0,"619":0,"622":0,"626":0,"628":0,"638":1,"639":0,"640":0,"650":1,"652":0,"656":0,"658":0,"662":0,"665":0,"668":1,"669":0,"672":1,"673":0,"676":1,"677":0,"684":1,"685":0,"687":0,"689":0,"690":0,"692":1,"695":1,"696":1}},"/home/travis/build/npmtest/node-npmtest-autobahn/node_modules/autobahn/lib/auth/persona.js":{"path":"/home/travis/build/npmtest/node-npmtest-autobahn/node_modules/autobahn/lib/auth/persona.js","s":{"1":1,"2":1,"3":1,"4":0,"5":0,"6":0,"7":0,"8":0,"9":0,"10":0,"11":1},"b":{"1":[0,0]},"f":{"1":0,"2":0,"3":0},"fnMap":{"1":{"name":"auth","line":18,"loc":{"start":{"line":18,"column":0},"end":{"line":18,"column":36}}},"2":{"name":"(anonymous_2)","line":29,"loc":{"start":{"line":29,"column":15},"end":{"line":29,"column":36}}},"3":{"name":"(anonymous_3)","line":35,"loc":{"start":{"line":35,"column":16},"end":{"line":35,"column":27}}}},"statementMap":{"1":{"start":{"line":14,"column":0},"end":{"line":14,"column":27}},"2":{"start":{"line":15,"column":0},"end":{"line":15,"column":39}},"3":{"start":{"line":18,"column":0},"end":{"line":50,"column":1}},"4":{"start":{"line":25,"column":3},"end":{"line":25,"column":27}},"5":{"start":{"line":27,"column":3},"end":{"line":42,"column":6}},"6":{"start":{"line":33,"column":9},"end":{"line":33,"column":30}},"7":{"start":{"line":40,"column":9},"end":{"line":40,"column":44}},"8":{"start":{"line":44,"column":3},"end":{"line":49,"column":4}},"9":{"start":{"line":46,"column":6},"end":{"line":46,"column":23}},"10":{"start":{"line":48,"column":6},"end":{"line":48,"column":15}},"11":{"start":{"line":52,"column":0},"end":{"line":52,"column":20}}},"branchMap":{"1":{"line":44,"type":"if","locations":[{"start":{"line":44,"column":3},"end":{"line":44,"column":3}},{"start":{"line":44,"column":3},"end":{"line":44,"column":3}}]}},"code":["///////////////////////////////////////////////////////////////////////////////","//","//  AutobahnJS - http://autobahn.ws, http://wamp.ws","//","//  A JavaScript library for WAMP (\"The Web Application Messaging Protocol\").","//","//  Copyright (c) Crossbar.io Technologies GmbH and contributors","//","//  Licensed under the MIT License.","//  http://www.opensource.org/licenses/mit-license.php","//","///////////////////////////////////////////////////////////////////////////////","","var when = require('when');","var when_fn = require(\"when/function\");","","","function auth(session, user, extra) {","","   // Persona Issues:","   //","   // Chrome: https://github.com/mozilla/persona/issues/4083","   // IE11: https://groups.google.com/forum/#!topic/mozilla.dev.identity/keEkVpvfLA8","","   var d = session.defer();","","   navigator.id.watch({","      loggedInUser: user,","      onlogin: function (assertion) {","         // A user has logged in! Here you need to:","         // 1. Send the assertion to your backend for verification and to create a session.","         // 2. Update your UI.","         d.resolve(assertion);","      },","      onlogout: function() {","         // A user has logged out! Here you need to:","         // Tear down the user's session by redirecting the user or making a call to your backend.","         // Also, make sure loggedInUser will get set to null on the next page load.","         // (That's a literal JavaScript null. Not false, 0, or undefined. null.)","         session.leave(\"wamp.close.logout\");","      }","   });","","   if (d.promise.then) {","      // whenjs has the actual user promise in an attribute","      return d.promise;","   } else {","      return d;","   }","}","","exports.auth = auth;",""],"l":{"14":1,"15":1,"18":1,"25":0,"27":0,"33":0,"40":0,"44":0,"46":0,"48":0,"52":1}},"/home/travis/build/npmtest/node-npmtest-autobahn/node_modules/autobahn/lib/auth/cra.js":{"path":"/home/travis/build/npmtest/node-npmtest-autobahn/node_modules/autobahn/lib/auth/cra.js","s":{"1":1,"2":1,"3":0,"4":0,"5":0,"6":0,"7":0,"8":1,"9":0,"10":1,"11":1},"b":{"1":[0,0],"2":[0,0]},"f":{"1":0,"2":0},"fnMap":{"1":{"name":"derive_key","line":21,"loc":{"start":{"line":21,"column":0},"end":{"line":21,"column":55}}},"2":{"name":"sign","line":34,"loc":{"start":{"line":34,"column":0},"end":{"line":34,"column":31}}}},"statementMap":{"1":{"start":{"line":17,"column":0},"end":{"line":17,"column":34}},"2":{"start":{"line":21,"column":0},"end":{"line":31,"column":1}},"3":{"start":{"line":22,"column":3},"end":{"line":22,"column":39}},"4":{"start":{"line":23,"column":3},"end":{"line":23,"column":29}},"5":{"start":{"line":24,"column":3},"end":{"line":28,"column":4}},"6":{"start":{"line":29,"column":3},"end":{"line":29,"column":49}},"7":{"start":{"line":30,"column":3},"end":{"line":30,"column":42}},"8":{"start":{"line":34,"column":0},"end":{"line":36,"column":1}},"9":{"start":{"line":35,"column":3},"end":{"line":35,"column":72}},"10":{"start":{"line":38,"column":0},"end":{"line":38,"column":20}},"11":{"start":{"line":39,"column":0},"end":{"line":39,"column":32}}},"branchMap":{"1":{"line":22,"type":"binary-expr","locations":[{"start":{"line":22,"column":20},"end":{"line":22,"column":30}},{"start":{"line":22,"column":34},"end":{"line":22,"column":38}}]},"2":{"line":23,"type":"binary-expr","locations":[{"start":{"line":23,"column":16},"end":{"line":23,"column":22}},{"start":{"line":23,"column":26},"end":{"line":23,"column":28}}]}},"code":["///////////////////////////////////////////////////////////////////////////////","//","//  AutobahnJS - http://autobahn.ws, http://wamp.ws","//","//  A JavaScript library for WAMP (\"The Web Application Messaging Protocol\").","//","//  Copyright (c) Crossbar.io Technologies GmbH and contributors","//","//  Licensed under the MIT License.","//  http://www.opensource.org/licenses/mit-license.php","//","///////////////////////////////////////////////////////////////////////////////","","// require('assert') would be nice .. but it does not","// work with Google Closure after Browserify","","var crypto = require('crypto-js');","","// PBKDF2-base key derivation function for salted WAMP-CRA","//","function derive_key (secret, salt, iterations, keylen) {","   var iterations = iterations || 1000;","   var keylen = keylen || 32;","   var config = {","      keySize: keylen / 4,","      iterations: iterations,","      hasher: crypto.algo.SHA256","   }","   var key = crypto.PBKDF2(secret, salt, config);","   return key.toString(crypto.enc.Base64);","}","","","function sign (key, challenge) {","   return crypto.HmacSHA256(challenge, key).toString(crypto.enc.Base64);","}","","exports.sign = sign;","exports.derive_key = derive_key;",""],"l":{"17":1,"21":1,"22":0,"23":0,"24":0,"29":0,"30":0,"34":1,"35":0,"38":1,"39":1}}}